[0318/083036.699:ERROR:crash_report_database_win.cc(428)] unexpected header
[0318/083442.276:ERROR:crash_report_database_win.cc(428)] unexpected header
[0319/102649.324:ERROR:process_memory_win.cc(73)] ReadMemory at 0x7ff7e0000000 of 64 bytes failed: Only part of a ReadProcessMemory or WriteProcessMemory request was completed. (0x12B)
[0319/102650.663:WARNING:pe_image_reader.cc(302)] could not read dos header from C:\Program Files (x86)\Google\Chrome\Application\chrome.exe
[0319/102650.664:ERROR:process_memory_win.cc(73)] ReadMemory at 0x7ffe18fc0000 of 64 bytes failed: Only part of a ReadProcessMemory or WriteProcessMemory request was completed. (0x12B)
[0319/102650.664:WARNING:pe_image_reader.cc(302)] could not read dos header from C:\windows\SYSTEM32\ntdll.dll
[0319/102650.664:ERROR:process_memory_win.cc(73)] ReadMemory at 0x7ffe16fd0000 of 64 bytes failed: Only part of a ReadProcessMemory or WriteProcessMemory request was completed. (0x12B)
[0319/102650.664:WARNING:pe_image_reader.cc(302)] could not read dos header from C:\windows\system32\KERNEL32.DLL
[0319/102650.664:ERROR:process_memory_win.cc(73)] ReadMemory at 0x7ffe164a0000 of 64 bytes failed: Only part of a ReadProcessMemory or WriteProcessMemory request was completed. (0x12B)
[0319/102650.665:WARNING:pe_image_reader.cc(302)] could not read dos header from C:\windows\system32\KERNELBASE.dll
[0319/102650.665:ERROR:process_memory_win.cc(73)] ReadMemory at 0x7ffe10da0000 of 64 bytes failed: Only part of a ReadProcessMemory or WriteProcessMemory request was completed. (0x12B)
[0319/102650.665:WARNING:pe_image_reader.cc(302)] could not read dos header from C:\Program Files (x86)\Google\Chrome\Application\72.0.3626.121\chrome_elf.dll
[0319/102650.665:ERROR:process_memory_win.cc(73)] ReadMemory at 0x7ffe17870000 of 64 bytes failed: Only part of a ReadProcessMemory or WriteProcessMemory request was completed. (0x12B)
[0319/102650.665:WARNING:pe_image_reader.cc(302)] could not read dos header from C:\windows\system32\SHELL32.dll
[0319/102650.665:ERROR:process_memory_win.cc(73)] ReadMemory at 0x8b00090000 of 64 bytes failed: Only part of a ReadProcessMemory or WriteProcessMemory request was completed. (0x12B)
[0319/102650.665:WARNING:pe_image_reader.cc(302)] could not read dos header from C:\windows\system32\ADVAPI32.dll
[0319/102650.665:ERROR:process_memory_win.cc(73)] ReadMemory at 0x7ffe16ba0000 of 64 bytes failed: Only part of a ReadProcessMemory or WriteProcessMemory request was completed. (0x12B)
[0319/102650.665:WARNING:pe_image_reader.cc(302)] could not read dos header from C:\windows\system32\USER32.dll
[0319/102650.666:ERROR:process_memory_win.cc(73)] ReadMemory at 0x7ffe0e600000 of 64 bytes failed: Only part of a ReadProcessMemory or WriteProcessMemory request was completed. (0x12B)
[0319/102650.666:WARNING:pe_image_reader.cc(302)] could not read dos header from C:\windows\SYSTEM32\VERSION.dll
[0319/102650.666:ERROR:process_memory_win.cc(73)] ReadMemory at 0x7ffe17670000 of 64 bytes failed: Only part of a ReadProcessMemory or WriteProcessMemory request was completed. (0x12B)
[0319/102650.666:WARNING:pe_image_reader.cc(302)] could not read dos header from C:\windows\system32\SHLWAPI.dll
[0319/102650.666:ERROR:process_memory_win.cc(73)] ReadMemory at 0x7ffe068b0000 of 64 bytes failed: Only part of a ReadProcessMemory or WriteProcessMemory request was completed. (0x12B)
[0319/102650.666:WARNING:pe_image_reader.cc(302)] could not read dos header from C:\windows\SYSTEM32\WINMM.dll
[0319/102650.666:ERROR:process_memory_win.cc(73)] ReadMemory at 0x7ffe156c0000 of 64 bytes failed: Only part of a ReadProcessMemory or WriteProcessMemory request was completed. (0x12B)
[0319/102650.666:WARNING:pe_image_reader.cc(302)] could not read dos header from C:\windows\SYSTEM32\USERENV.dll
[0319/102650.667:ERROR:process_memory_win.cc(73)] ReadMemory at 0x7ffe17230000 of 64 bytes failed: Only part of a ReadProcessMemory or WriteProcessMemory request was completed. (0x12B)
[0319/102650.667:WARNING:pe_image_reader.cc(302)] could not read dos header from C:\windows\system32\PSAPI.DLL
[0319/102650.667:ERROR:process_memory_win.cc(73)] ReadMemory at 0x7ffe16af0000 of 64 bytes failed: Only part of a ReadProcessMemory or WriteProcessMemory request was completed. (0x12B)
[0319/102650.667:WARNING:pe_image_reader.cc(302)] could not read dos header from C:\windows\system32\msvcrt.dll
[0319/102650.667:ERROR:process_memory_win.cc(73)] ReadMemory at 0x7ffe18da0000 of 64 bytes failed: Only part of a ReadProcessMemory or WriteProcessMemory request was completed. (0x12B)
[0319/102650.667:WARNING:pe_image_reader.cc(302)] could not read dos header from C:\windows\SYSTEM32\combase.dll
[0319/102650.668:ERROR:process_memory_win.cc(73)] ReadMemory at 0x7ffe16d20000 of 64 bytes failed: Only part of a ReadProcessMemory or WriteProcessMemory request was completed. (0x12B)
[0319/102650.668:WARNING:pe_image_reader.cc(302)] could not read dos header from C:\windows\system32\GDI32.dll
[0319/102650.668:ERROR:process_memory_win.cc(73)] ReadMemory at 0x7ffe16940000 of 64 bytes failed: Only part of a ReadProcessMemory or WriteProcessMemory request was completed. (0x12B)
[0319/102650.668:WARNING:pe_image_reader.cc(302)] could not read dos header from C:\windows\SYSTEM32\sechost.dll
[0319/102650.668:ERROR:process_memory_win.cc(73)] ReadMemory at 0x7ffe169a0000 of 64 bytes failed: Only part of a ReadProcessMemory or WriteProcessMemory request was completed. (0x12B)
[0319/102650.668:WARNING:pe_image_reader.cc(302)] could not read dos header from C:\windows\system32\RPCRT4.dll
[0319/102650.668:ERROR:process_memory_win.cc(73)] ReadMemory at 0x7ffe06880000 of 64 bytes failed: Only part of a ReadProcessMemory or WriteProcessMemory request was completed. (0x12B)
[0319/102650.668:WARNING:pe_image_reader.cc(302)] could not read dos header from C:\windows\SYSTEM32\WINMMBASE.dll
[0319/102650.669:ERROR:process_memory_win.cc(73)] ReadMemory at 0x7ffe160f0000 of 64 bytes failed: Only part of a ReadProcessMemory or WriteProcessMemory request was completed. (0x12B)
[0319/102650.669:WARNING:pe_image_reader.cc(302)] could not read dos header from C:\windows\SYSTEM32\profapi.dll
[0319/102650.669:ERROR:process_memory_win.cc(73)] ReadMemory at 0x7ffe165c0000 of 64 bytes failed: Only part of a ReadProcessMemory or WriteProcessMemory request was completed. (0x12B)
[0319/102650.669:WARNING:pe_image_reader.cc(302)] could not read dos header from C:\windows\system32\SspiCli.dll
[0319/102650.669:ERROR:process_memory_win.cc(73)] ReadMemory at 0x7ffe16270000 of 64 bytes failed: Only part of a ReadProcessMemory or WriteProcessMemory request was completed. (0x12B)
[0319/102650.669:WARNING:pe_image_reader.cc(302)] could not read dos header from C:\windows\SYSTEM32\cfgmgr32.dll
[0319/102650.669:ERROR:process_memory_win.cc(73)] ReadMemory at 0x7ffe14f20000 of 64 bytes failed: Only part of a ReadProcessMemory or WriteProcessMemory request was completed. (0x12B)
[0319/102650.669:WARNING:pe_image_reader.cc(302)] could not read dos header from C:\windows\SYSTEM32\DEVOBJ.dll
[0319/102650.669:ERROR:process_memory_win.cc(73)] ReadMemory at 0x7ffe15fc0000 of 64 bytes failed: Only part of a ReadProcessMemory or WriteProcessMemory request was completed. (0x12B)
[0319/102650.670:WARNING:pe_image_reader.cc(302)] could not read dos header from C:\windows\SYSTEM32\CRYPTBASE.DLL
[0319/102650.670:ERROR:process_memory_win.cc(73)] ReadMemory at 0x7ffe15f50000 of 64 bytes failed: Only part of a ReadProcessMemory or WriteProcessMemory request was completed. (0x12B)
[0319/102650.670:WARNING:pe_image_reader.cc(302)] could not read dos header from C:\windows\SYSTEM32\bcryptPrimitives.dll
[0319/102650.670:ERROR:process_memory_win.cc(73)] ReadMemory at 0x7ffe166e0000 of 64 bytes failed: Only part of a ReadProcessMemory or WriteProcessMemory request was completed. (0x12B)
[0319/102650.670:WARNING:pe_image_reader.cc(302)] could not read dos header from C:\windows\system32\IMM32.DLL
[0319/102650.672:ERROR:process_memory_win.cc(73)] ReadMemory at 0x7ffe16e70000 of 64 bytes failed: Only part of a ReadProcessMemory or WriteProcessMemory request was completed. (0x12B)
[0319/102650.672:WARNING:pe_image_reader.cc(302)] could not read dos header from C:\windows\system32\MSCTF.dll
[0319/102650.673:ERROR:process_memory_win.cc(73)] ReadMemory at 0x7ffe144f0000 of 64 bytes failed: Only part of a ReadProcessMemory or WriteProcessMemory request was completed. (0x12B)
[0319/102650.673:WARNING:pe_image_reader.cc(302)] could not read dos header from C:\windows\SYSTEM32\shcore.dll
[0319/102650.673:ERROR:process_memory_win.cc(73)] ReadMemory at 0x7ffddaf80000 of 64 bytes failed: Only part of a ReadProcessMemory or WriteProcessMemory request was completed. (0x12B)
[0319/102650.673:WARNING:pe_image_reader.cc(302)] could not read dos header from C:\Program Files (x86)\Google\Chrome\Application\72.0.3626.121\chrome_child.dll
[0319/102650.673:ERROR:process_memory_win.cc(73)] ReadMemory at 0x7ffe16680000 of 64 bytes failed: Only part of a ReadProcessMemory or WriteProcessMemory request was completed. (0x12B)
[0319/102650.673:WARNING:pe_image_reader.cc(302)] could not read dos header from C:\windows\system32\WS2_32.dll
[0319/102650.673:ERROR:process_memory_win.cc(73)] ReadMemory at 0x7ffe101e0000 of 64 bytes failed: Only part of a ReadProcessMemory or WriteProcessMemory request was completed. (0x12B)
[0319/102650.674:WARNING:pe_image_reader.cc(302)] could not read dos header from C:\windows\SYSTEM32\IPHLPAPI.DLL
[0319/102650.674:ERROR:process_memory_win.cc(73)] ReadMemory at 0x7ffe176d0000 of 64 bytes failed: Only part of a ReadProcessMemory or WriteProcessMemory request was completed. (0x12B)
[0319/102650.674:WARNING:pe_image_reader.cc(302)] could not read dos header from C:\windows\system32\ole32.dll
[0319/102650.674:ERROR:process_memory_win.cc(73)] ReadMemory at 0x7ffe175a0000 of 64 bytes failed: Only part of a ReadProcessMemory or WriteProcessMemory request was completed. (0x12B)
[0319/102650.674:WARNING:pe_image_reader.cc(302)] could not read dos header from C:\windows\system32\OLEAUT32.dll
[0319/102650.674:ERROR:process_memory_win.cc(73)] ReadMemory at 0x7ffe10f40000 of 64 bytes failed: Only part of a ReadProcessMemory or WriteProcessMemory request was completed. (0x12B)
[0319/102650.674:WARNING:pe_image_reader.cc(302)] could not read dos header from C:\windows\SYSTEM32\OLEACC.dll
[0319/102650.674:ERROR:process_memory_win.cc(73)] ReadMemory at 0x7ffe165f0000 of 64 bytes failed: Only part of a ReadProcessMemory or WriteProcessMemory request was completed. (0x12B)
[0319/102650.674:WARNING:pe_image_reader.cc(302)] could not read dos header from C:\windows\system32\WINTRUST.dll
[0319/102650.677:ERROR:process_memory_win.cc(73)] ReadMemory at 0x7ffe11080000 of 64 bytes failed: Only part of a ReadProcessMemory or WriteProcessMemory request was completed. (0x12B)
[0319/102650.677:WARNING:pe_image_reader.cc(302)] could not read dos header from C:\windows\SYSTEM32\DWrite.dll
[0319/102650.677:ERROR:process_memory_win.cc(73)] ReadMemory at 0x7ffe14050000 of 64 bytes failed: Only part of a ReadProcessMemory or WriteProcessMemory request was completed. (0x12B)
[0319/102650.677:WARNING:pe_image_reader.cc(302)] could not read dos header from C:\windows\SYSTEM32\dxgi.dll
[0319/102650.678:ERROR:process_memory_win.cc(73)] ReadMemory at 0x7ffe04260000 of 64 bytes failed: Only part of a ReadProcessMemory or WriteProcessMemory request was completed. (0x12B)
[0319/102650.678:WARNING:pe_image_reader.cc(302)] could not read dos header from C:\windows\SYSTEM32\WINSPOOL.DRV
[0319/102650.678:ERROR:process_memory_win.cc(73)] ReadMemory at 0x7ffdf44f0000 of 64 bytes failed: Only part of a ReadProcessMemory or WriteProcessMemory request was completed. (0x12B)
[0319/102650.678:WARNING:pe_image_reader.cc(302)] could not read dos header from C:\windows\SYSTEM32\dbghelp.dll
[0319/102650.678:ERROR:process_memory_win.cc(73)] ReadMemory at 0x7ffe10d80000 of 64 bytes failed: Only part of a ReadProcessMemory or WriteProcessMemory request was completed. (0x12B)
[0319/102650.678:WARNING:pe_image_reader.cc(302)] could not read dos header from C:\windows\SYSTEM32\USP10.dll
[0319/102650.678:ERROR:process_memory_win.cc(73)] ReadMemory at 0x7ffe17240000 of 64 bytes failed: Only part of a ReadProcessMemory or WriteProcessMemory request was completed. (0x12B)
[0319/102650.678:WARNING:pe_image_reader.cc(302)] could not read dos header from C:\windows\system32\COMDLG32.dll
[0319/102650.679:ERROR:process_memory_win.cc(73)] ReadMemory at 0x7ffe162c0000 of 64 bytes failed: Only part of a ReadProcessMemory or WriteProcessMemory request was completed. (0x12B)
[0319/102650.679:WARNING:pe_image_reader.cc(302)] could not read dos header from C:\windows\system32\CRYPT32.dll
[0319/102650.679:ERROR:process_memory_win.cc(73)] ReadMemory at 0x7ffe0df10000 of 64 bytes failed: Only part of a ReadProcessMemory or WriteProcessMemory request was completed. (0x12B)
[0319/102650.679:WARNING:pe_image_reader.cc(302)] could not read dos header from C:\windows\SYSTEM32\WINHTTP.dll
[0319/102650.679:ERROR:process_memory_win.cc(73)] ReadMemory at 0x7ffe0f840000 of 64 bytes failed: Only part of a ReadProcessMemory or WriteProcessMemory request was completed. (0x12B)
[0319/102650.679:WARNING:pe_image_reader.cc(302)] could not read dos header from C:\windows\SYSTEM32\urlmon.dll
[0319/102650.679:ERROR:process_memory_win.cc(73)] ReadMemory at 0x7ffe11330000 of 64 bytes failed: Only part of a ReadProcessMemory or WriteProcessMemory request was completed. (0x12B)
[0319/102650.679:WARNING:pe_image_reader.cc(302)] could not read dos header from C:\windows\SYSTEM32\Secur32.dll
[0319/102650.680:ERROR:process_memory_win.cc(73)] ReadMemory at 0x7ffe0fdb0000 of 64 bytes failed: Only part of a ReadProcessMemory or WriteProcessMemory request was completed. (0x12B)
[0319/102650.680:WARNING:pe_image_reader.cc(302)] could not read dos header from C:\windows\SYSTEM32\dhcpcsvc.DLL
[0319/102650.680:ERROR:process_memory_win.cc(73)] ReadMemory at 0x7ffe16720000 of 64 bytes failed: Only part of a ReadProcessMemory or WriteProcessMemory request was completed. (0x12B)
[0319/102650.680:WARNING:pe_image_reader.cc(302)] could not read dos header from C:\windows\system32\NSI.dll
[0319/102650.680:ERROR:process_memory_win.cc(73)] ReadMemory at 0x7ffe10170000 of 64 bytes failed: Only part of a ReadProcessMemory or WriteProcessMemory request was completed. (0x12B)
[0319/102650.680:WARNING:pe_image_reader.cc(302)] could not read dos header from C:\windows\SYSTEM32\WINNSI.DLL
[0319/102650.680:ERROR:process_memory_win.cc(73)] ReadMemory at 0x7ffe161a0000 of 64 bytes failed: Only part of a ReadProcessMemory or WriteProcessMemory request was completed. (0x12B)
[0319/102650.680:WARNING:pe_image_reader.cc(302)] could not read dos header from C:\windows\system32\MSASN1.dll
[0319/102650.680:ERROR:process_memory_win.cc(73)] ReadMemory at 0x7ffe11c80000 of 64 bytes failed: Only part of a ReadProcessMemory or WriteProcessMemory request was completed. (0x12B)
[0319/102650.681:WARNING:pe_image_reader.cc(302)] could not read dos header from C:\windows\WinSxS\amd64_microsoft.windows.common-controls_6595b64144ccf1df_6.0.9600.18006_none_623f33d3ecbe86e8\COMCTL32.dll
[0319/102650.681:ERROR:process_memory_win.cc(73)] ReadMemory at 0x7ffe0f570000 of 64 bytes failed: Only part of a ReadProcessMemory or WriteProcessMemory request was completed. (0x12B)
[0319/102650.681:WARNING:pe_image_reader.cc(302)] could not read dos header from C:\windows\SYSTEM32\iertutil.dll
[0319/102650.681:ERROR:process_memory_win.cc(73)] ReadMemory at 0x7ffe0f2a0000 of 64 bytes failed: Only part of a ReadProcessMemory or WriteProcessMemory request was completed. (0x12B)
[0319/102650.681:WARNING:pe_image_reader.cc(302)] could not read dos header from C:\windows\SYSTEM32\WININET.dll
[0319/102650.682:ERROR:process_memory_win.cc(73)] ReadMemory at 0x7ffe14dd0000 of 64 bytes failed: Only part of a ReadProcessMemory or WriteProcessMemory request was completed. (0x12B)
[0319/102650.682:WARNING:pe_image_reader.cc(302)] could not read dos header from C:\windows\SYSTEM32\kernel.appcore.dll
[0319/102650.682:ERROR:process_memory_win.cc(73)] ReadMemory at 0x7ffe17300000 of 64 bytes failed: Only part of a ReadProcessMemory or WriteProcessMemory request was completed. (0x12B)
[0319/102650.682:WARNING:pe_image_reader.cc(302)] could not read dos header from C:\windows\system32\SETUPAPI.dll
[0319/102650.682:ERROR:process_memory_win.cc(73)] ReadMemory at 0x7ffe01e90000 of 64 bytes failed: Only part of a ReadProcessMemory or WriteProcessMemory request was completed. (0x12B)
[0319/102650.683:WARNING:pe_image_reader.cc(302)] could not read dos header from C:\windows\SYSTEM32\mf.dll
[0319/102650.683:ERROR:process_memory_win.cc(73)] ReadMemory at 0x7ffe01430000 of 64 bytes failed: Only part of a ReadProcessMemory or WriteProcessMemory request was completed. (0x12B)
[0319/102650.683:WARNING:pe_image_reader.cc(302)] could not read dos header from C:\windows\SYSTEM32\mfplat.dll
[0319/102650.683:ERROR:process_memory_win.cc(73)] ReadMemory at 0x7ffe05130000 of 64 bytes failed: Only part of a ReadProcessMemory or WriteProcessMemory request was completed. (0x12B)
[0319/102650.683:WARNING:pe_image_reader.cc(302)] could not read dos header from C:\windows\SYSTEM32\RTWorkQ.DLL
[0319/102650.683:ERROR:process_memory_win.cc(73)] ReadMemory at 0x7ffe145b0000 of 64 bytes failed: Only part of a ReadProcessMemory or WriteProcessMemory request was completed. (0x12B)
[0319/102650.683:WARNING:pe_image_reader.cc(302)] could not read dos header from C:\windows\SYSTEM32\AVRT.dll
[0319/102650.683:ERROR:process_memory_win.cc(73)] ReadMemory at 0x7ffdf0f80000 of 64 bytes failed: Only part of a ReadProcessMemory or WriteProcessMemory request was completed. (0x12B)
[0319/102650.684:WARNING:pe_image_reader.cc(302)] could not read dos header from C:\windows\SYSTEM32\msmpeg2vdec.dll
[0319/102650.684:ERROR:process_memory_win.cc(73)] ReadMemory at 0x7ffe15990000 of 64 bytes failed: Only part of a ReadProcessMemory or WriteProcessMemory request was completed. (0x12B)
[0319/102650.684:WARNING:pe_image_reader.cc(302)] could not read dos header from C:\windows\SYSTEM32\CRYPTSP.dll
[0319/102650.684:ERROR:process_memory_win.cc(73)] ReadMemory at 0x7ffe15c40000 of 64 bytes failed: Only part of a ReadProcessMemory or WriteProcessMemory request was completed. (0x12B)
[0319/102650.684:WARNING:pe_image_reader.cc(302)] could not read dos header from C:\windows\SYSTEM32\bcrypt.dll
[0319/102650.684:ERROR:process_memory_win.cc(73)] ReadMemory at 0x7ffe044f0000 of 64 bytes failed: Only part of a ReadProcessMemory or WriteProcessMemory request was completed. (0x12B)
[0319/102650.685:WARNING:pe_image_reader.cc(302)] could not read dos header from C:\windows\SYSTEM32\dxva2.dll
[0319/102650.685:ERROR:process_memory_win.cc(73)] ReadMemory at 0x7ffe02820000 of 64 bytes failed: Only part of a ReadProcessMemory or WriteProcessMemory request was completed. (0x12B)
[0319/102650.685:WARNING:pe_image_reader.cc(302)] could not read dos header from C:\windows\SYSTEM32\msvproc.dll
[0319/102650.685:ERROR:process_memory_win.cc(73)] ReadMemory at 0x7ffde4320000 of 64 bytes failed: Only part of a ReadProcessMemory or WriteProcessMemory request was completed. (0x12B)
[0319/102650.685:WARNING:pe_image_reader.cc(302)] could not read dos header from C:\windows\SYSTEM32\D3DCompiler_47.dll
[0319/102650.685:ERROR:process_memory_win.cc(73)] ReadMemory at 0x7ffde3e10000 of 64 bytes failed: Only part of a ReadProcessMemory or WriteProcessMemory request was completed. (0x12B)
[0319/102650.685:WARNING:pe_image_reader.cc(302)] could not read dos header from C:\Program Files (x86)\Google\Chrome\Application\72.0.3626.121\libglesv2.dll
[0319/102650.685:ERROR:process_memory_win.cc(73)] ReadMemory at 0x7ffdeef80000 of 64 bytes failed: Only part of a ReadProcessMemory or WriteProcessMemory request was completed. (0x12B)
[0319/102650.685:WARNING:pe_image_reader.cc(302)] could not read dos header from C:\windows\SYSTEM32\d3d9.dll
[0319/102650.687:ERROR:process_memory_win.cc(73)] ReadMemory at 0x7ffe12190000 of 64 bytes failed: Only part of a ReadProcessMemory or WriteProcessMemory request was completed. (0x12B)
[0319/102650.687:WARNING:pe_image_reader.cc(302)] could not read dos header from C:\windows\SYSTEM32\dwmapi.dll
[0319/102650.687:ERROR:process_memory_win.cc(73)] ReadMemory at 0x7ffe02de0000 of 64 bytes failed: Only part of a ReadProcessMemory or WriteProcessMemory request was completed. (0x12B)
[0319/102650.687:WARNING:pe_image_reader.cc(302)] could not read dos header from C:\Program Files (x86)\Google\Chrome\Application\72.0.3626.121\libegl.dll
[0319/102650.687:ERROR:process_memory_win.cc(73)] ReadMemory at 0x7ffe140e0000 of 64 bytes failed: Only part of a ReadProcessMemory or WriteProcessMemory request was completed. (0x12B)
[0319/102650.688:WARNING:pe_image_reader.cc(302)] could not read dos header from C:\windows\SYSTEM32\d3d11.dll
[0319/102650.688:ERROR:process_memory_win.cc(73)] ReadMemory at 0x7ffe14770000 of 64 bytes failed: Only part of a ReadProcessMemory or WriteProcessMemory request was completed. (0x12B)
[0319/102650.688:WARNING:pe_image_reader.cc(302)] could not read dos header from C:\windows\SYSTEM32\dcomp.dll
[0319/102650.688:ERROR:process_memory_win.cc(73)] ReadMemory at 0x7ffe12640000 of 64 bytes failed: Only part of a ReadProcessMemory or WriteProcessMemory request was completed. (0x12B)
[0319/102650.688:WARNING:pe_image_reader.cc(302)] could not read dos header from C:\windows\SYSTEM32\igd10iumd64.dll
[0319/102650.688:ERROR:process_memory_win.cc(73)] ReadMemory at 0x7ffe15c10000 of 64 bytes failed: Only part of a ReadProcessMemory or WriteProcessMemory request was completed. (0x12B)
[0319/102650.688:WARNING:pe_image_reader.cc(302)] could not read dos header from C:\windows\SYSTEM32\ncrypt.dll
[0319/102650.688:ERROR:process_memory_win.cc(73)] ReadMemory at 0x7ffe15bd0000 of 64 bytes failed: Only part of a ReadProcessMemory or WriteProcessMemory request was completed. (0x12B)
[0319/102650.688:WARNING:pe_image_reader.cc(302)] could not read dos header from C:\windows\SYSTEM32\NTASN1.dll
[0319/102650.689:ERROR:process_memory_win.cc(73)] ReadMemory at 0x7ffe121e0000 of 64 bytes failed: Only part of a ReadProcessMemory or WriteProcessMemory request was completed. (0x12B)
[0319/102650.689:WARNING:pe_image_reader.cc(302)] could not read dos header from C:\windows\SYSTEM32\igdusc64.dll
[0319/102650.689:ERROR:process_memory_win.cc(73)] ReadMemory at 0x7ffe14df0000 of 64 bytes failed: Only part of a ReadProcessMemory or WriteProcessMemory request was completed. (0x12B)
[0319/102650.689:WARNING:pe_image_reader.cc(302)] could not read dos header from C:\windows\system32\uxtheme.dll
[0319/102650.689:ERROR:process_memory_win.cc(73)] ReadMemory at 0x7ffe174e0000 of 64 bytes failed: Only part of a ReadProcessMemory or WriteProcessMemory request was completed. (0x12B)
[0319/102650.689:WARNING:pe_image_reader.cc(302)] could not read dos header from C:\windows\SYSTEM32\clbcatq.dll
[0319/102650.689:ERROR:process_memory_win.cc(73)] ReadMemory at 0x7ffdf5e60000 of 64 bytes failed: Only part of a ReadProcessMemory or WriteProcessMemory request was completed. (0x12B)
[0319/102650.689:WARNING:pe_image_reader.cc(302)] could not read dos header from C:\Windows\System32\mfh264enc.dll
[0319/102651.213:ERROR:process_memory_win.cc(73)] ReadMemory at 0x7ff7e0000000 of 64 bytes failed: Only part of a ReadProcessMemory or WriteProcessMemory request was completed. (0x12B)
[0319/102651.213:WARNING:pe_image_reader.cc(302)] could not read dos header from C:\Program Files (x86)\Google\Chrome\Application\chrome.exe
[0319/102651.213:ERROR:process_memory_win.cc(73)] ReadMemory at 0x7ffe18fc0000 of 64 bytes failed: Only part of a ReadProcessMemory or WriteProcessMemory request was completed. (0x12B)
[0319/102651.214:WARNING:pe_image_reader.cc(302)] could not read dos header from C:\windows\SYSTEM32\ntdll.dll
[0319/102651.214:ERROR:process_memory_win.cc(73)] ReadMemory at 0x7ffe16fd0000 of 64 bytes failed: Only part of a ReadProcessMemory or WriteProcessMemory request was completed. (0x12B)
[0319/102651.214:WARNING:pe_image_reader.cc(302)] could not read dos header from C:\windows\system32\KERNEL32.DLL
[0319/102651.214:ERROR:process_memory_win.cc(73)] ReadMemory at 0x7ffe164a0000 of 64 bytes failed: Only part of a ReadProcessMemory or WriteProcessMemory request was completed. (0x12B)
[0319/102651.214:WARNING:pe_image_reader.cc(302)] could not read dos header from C:\windows\system32\KERNELBASE.dll
[0319/102651.214:ERROR:process_memory_win.cc(73)] ReadMemory at 0x7ffe10da0000 of 64 bytes failed: Only part of a ReadProcessMemory or WriteProcessMemory request was completed. (0x12B)
[0319/102651.214:WARNING:pe_image_reader.cc(302)] could not read dos header from C:\Program Files (x86)\Google\Chrome\Application\72.0.3626.121\chrome_elf.dll
[0319/102651.214:ERROR:process_memory_win.cc(73)] ReadMemory at 0x7ffe17870000 of 64 bytes failed: Only part of a ReadProcessMemory or WriteProcessMemory request was completed. (0x12B)
[0319/102651.215:WARNING:pe_image_reader.cc(302)] could not read dos header from C:\windows\system32\SHELL32.dll
[0319/102651.215:ERROR:process_memory_win.cc(73)] ReadMemory at 0x8b00090000 of 64 bytes failed: Only part of a ReadProcessMemory or WriteProcessMemory request was completed. (0x12B)
[0319/102651.215:WARNING:pe_image_reader.cc(302)] could not read dos header from C:\windows\system32\ADVAPI32.dll
[0319/102651.215:ERROR:process_memory_win.cc(73)] ReadMemory at 0x7ffe16ba0000 of 64 bytes failed: Only part of a ReadProcessMemory or WriteProcessMemory request was completed. (0x12B)
[0319/102651.215:WARNING:pe_image_reader.cc(302)] could not read dos header from C:\windows\system32\USER32.dll
[0319/102651.215:ERROR:process_memory_win.cc(73)] ReadMemory at 0x7ffe0e600000 of 64 bytes failed: Only part of a ReadProcessMemory or WriteProcessMemory request was completed. (0x12B)
[0319/102651.215:WARNING:pe_image_reader.cc(302)] could not read dos header from C:\windows\SYSTEM32\VERSION.dll
[0319/102651.215:ERROR:process_memory_win.cc(73)] ReadMemory at 0x7ffe17670000 of 64 bytes failed: Only part of a ReadProcessMemory or WriteProcessMemory request was completed. (0x12B)
[0319/102651.215:WARNING:pe_image_reader.cc(302)] could not read dos header from C:\windows\system32\SHLWAPI.dll
[0319/102651.216:ERROR:process_memory_win.cc(73)] ReadMemory at 0x7ffe068b0000 of 64 bytes failed: Only part of a ReadProcessMemory or WriteProcessMemory request was completed. (0x12B)
[0319/102651.216:WARNING:pe_image_reader.cc(302)] could not read dos header from C:\windows\SYSTEM32\WINMM.dll
[0319/102651.216:ERROR:process_memory_win.cc(73)] ReadMemory at 0x7ffe156c0000 of 64 bytes failed: Only part of a ReadProcessMemory or WriteProcessMemory request was completed. (0x12B)
[0319/102651.216:WARNING:pe_image_reader.cc(302)] could not read dos header from C:\windows\SYSTEM32\USERENV.dll
[0319/102651.216:ERROR:process_memory_win.cc(73)] ReadMemory at 0x7ffe17230000 of 64 bytes failed: Only part of a ReadProcessMemory or WriteProcessMemory request was completed. (0x12B)
[0319/102651.216:WARNING:pe_image_reader.cc(302)] could not read dos header from C:\windows\system32\PSAPI.DLL
[0319/102651.216:ERROR:process_memory_win.cc(73)] ReadMemory at 0x7ffe16af0000 of 64 bytes failed: Only part of a ReadProcessMemory or WriteProcessMemory request was completed. (0x12B)
[0319/102651.216:WARNING:pe_image_reader.cc(302)] could not read dos header from C:\windows\system32\msvcrt.dll
[0319/102651.217:ERROR:process_memory_win.cc(73)] ReadMemory at 0x7ffe18da0000 of 64 bytes failed: Only part of a ReadProcessMemory or WriteProcessMemory request was completed. (0x12B)
[0319/102651.217:WARNING:pe_image_reader.cc(302)] could not read dos header from C:\windows\SYSTEM32\combase.dll
[0319/102651.217:ERROR:process_memory_win.cc(73)] ReadMemory at 0x7ffe16d20000 of 64 bytes failed: Only part of a ReadProcessMemory or WriteProcessMemory request was completed. (0x12B)
[0319/102651.217:WARNING:pe_image_reader.cc(302)] could not read dos header from C:\windows\system32\GDI32.dll
[0319/102651.217:ERROR:process_memory_win.cc(73)] ReadMemory at 0x7ffe16940000 of 64 bytes failed: Only part of a ReadProcessMemory or WriteProcessMemory request was completed. (0x12B)
[0319/102651.217:WARNING:pe_image_reader.cc(302)] could not read dos header from C:\windows\SYSTEM32\sechost.dll
[0319/102651.217:ERROR:process_memory_win.cc(73)] ReadMemory at 0x7ffe169a0000 of 64 bytes failed: Only part of a ReadProcessMemory or WriteProcessMemory request was completed. (0x12B)
[0319/102651.217:WARNING:pe_image_reader.cc(302)] could not read dos header from C:\windows\system32\RPCRT4.dll
[0319/102651.218:ERROR:process_memory_win.cc(73)] ReadMemory at 0x7ffe06880000 of 64 bytes failed: Only part of a ReadProcessMemory or WriteProcessMemory request was completed. (0x12B)
[0319/102651.218:WARNING:pe_image_reader.cc(302)] could not read dos header from C:\windows\SYSTEM32\WINMMBASE.dll
[0319/102651.218:ERROR:process_memory_win.cc(73)] ReadMemory at 0x7ffe160f0000 of 64 bytes failed: Only part of a ReadProcessMemory or WriteProcessMemory request was completed. (0x12B)
[0319/102651.218:WARNING:pe_image_reader.cc(302)] could not read dos header from C:\windows\SYSTEM32\profapi.dll
[0319/102651.218:ERROR:process_memory_win.cc(73)] ReadMemory at 0x7ffe165c0000 of 64 bytes failed: Only part of a ReadProcessMemory or WriteProcessMemory request was completed. (0x12B)
[0319/102651.218:WARNING:pe_image_reader.cc(302)] could not read dos header from C:\windows\system32\SspiCli.dll
[0319/102651.218:ERROR:process_memory_win.cc(73)] ReadMemory at 0x7ffe16270000 of 64 bytes failed: Only part of a ReadProcessMemory or WriteProcessMemory request was completed. (0x12B)
[0319/102651.218:WARNING:pe_image_reader.cc(302)] could not read dos header from C:\windows\SYSTEM32\cfgmgr32.dll
[0319/102651.219:ERROR:process_memory_win.cc(73)] ReadMemory at 0x7ffe14f20000 of 64 bytes failed: Only part of a ReadProcessMemory or WriteProcessMemory request was completed. (0x12B)
[0319/102651.219:WARNING:pe_image_reader.cc(302)] could not read dos header from C:\windows\SYSTEM32\DEVOBJ.dll
[0319/102651.219:ERROR:process_memory_win.cc(73)] ReadMemory at 0x7ffe15fc0000 of 64 bytes failed: Only part of a ReadProcessMemory or WriteProcessMemory request was completed. (0x12B)
[0319/102651.219:WARNING:pe_image_reader.cc(302)] could not read dos header from C:\windows\SYSTEM32\CRYPTBASE.DLL
[0319/102651.219:ERROR:process_memory_win.cc(73)] ReadMemory at 0x7ffe15f50000 of 64 bytes failed: Only part of a ReadProcessMemory or WriteProcessMemory request was completed. (0x12B)
[0319/102651.219:WARNING:pe_image_reader.cc(302)] could not read dos header from C:\windows\SYSTEM32\bcryptPrimitives.dll
[0319/102651.219:ERROR:process_memory_win.cc(73)] ReadMemory at 0x7ffe166e0000 of 64 bytes failed: Only part of a ReadProcessMemory or WriteProcessMemory request was completed. (0x12B)
[0319/102651.219:WARNING:pe_image_reader.cc(302)] could not read dos header from C:\windows\system32\IMM32.DLL
[0319/102651.220:ERROR:process_memory_win.cc(73)] ReadMemory at 0x7ffe16e70000 of 64 bytes failed: Only part of a ReadProcessMemory or WriteProcessMemory request was completed. (0x12B)
[0319/102651.220:WARNING:pe_image_reader.cc(302)] could not read dos header from C:\windows\system32\MSCTF.dll
[0319/102651.220:ERROR:process_memory_win.cc(73)] ReadMemory at 0x7ffe144f0000 of 64 bytes failed: Only part of a ReadProcessMemory or WriteProcessMemory request was completed. (0x12B)
[0319/102651.220:WARNING:pe_image_reader.cc(302)] could not read dos header from C:\windows\SYSTEM32\shcore.dll
[0319/102651.220:ERROR:process_memory_win.cc(73)] ReadMemory at 0x7ffddaf80000 of 64 bytes failed: Only part of a ReadProcessMemory or WriteProcessMemory request was completed. (0x12B)
[0319/102651.220:WARNING:pe_image_reader.cc(302)] could not read dos header from C:\Program Files (x86)\Google\Chrome\Application\72.0.3626.121\chrome_child.dll
[0319/102651.220:ERROR:process_memory_win.cc(73)] ReadMemory at 0x7ffe16680000 of 64 bytes failed: Only part of a ReadProcessMemory or WriteProcessMemory request was completed. (0x12B)
[0319/102651.221:WARNING:pe_image_reader.cc(302)] could not read dos header from C:\windows\system32\WS2_32.dll
[0319/102651.221:ERROR:process_memory_win.cc(73)] ReadMemory at 0x7ffe101e0000 of 64 bytes failed: Only part of a ReadProcessMemory or WriteProcessMemory request was completed. (0x12B)
[0319/102651.221:WARNING:pe_image_reader.cc(302)] could not read dos header from C:\windows\SYSTEM32\IPHLPAPI.DLL
[0319/102651.221:ERROR:process_memory_win.cc(73)] ReadMemory at 0x7ffe176d0000 of 64 bytes failed: Only part of a ReadProcessMemory or WriteProcessMemory request was completed. (0x12B)
[0319/102651.222:WARNING:pe_image_reader.cc(302)] could not read dos header from C:\windows\system32\ole32.dll
[0319/102651.222:ERROR:process_memory_win.cc(73)] ReadMemory at 0x7ffe175a0000 of 64 bytes failed: Only part of a ReadProcessMemory or WriteProcessMemory request was completed. (0x12B)
[0319/102651.222:WARNING:pe_image_reader.cc(302)] could not read dos header from C:\windows\system32\OLEAUT32.dll
[0319/102651.222:ERROR:process_memory_win.cc(73)] ReadMemory at 0x7ffe10f40000 of 64 bytes failed: Only part of a ReadProcessMemory or WriteProcessMemory request was completed. (0x12B)
[0319/102651.222:WARNING:pe_image_reader.cc(302)] could not read dos header from C:\windows\SYSTEM32\OLEACC.dll
[0319/102651.222:ERROR:process_memory_win.cc(73)] ReadMemory at 0x7ffe165f0000 of 64 bytes failed: Only part of a ReadProcessMemory or WriteProcessMemory request was completed. (0x12B)
[0319/102651.222:WARNING:pe_image_reader.cc(302)] could not read dos header from C:\windows\system32\WINTRUST.dll
[0319/102651.223:ERROR:process_memory_win.cc(73)] ReadMemory at 0x7ffe11080000 of 64 bytes failed: Only part of a ReadProcessMemory or WriteProcessMemory request was completed. (0x12B)
[0319/102651.223:WARNING:pe_image_reader.cc(302)] could not read dos header from C:\windows\SYSTEM32\DWrite.dll
[0319/102651.223:ERROR:process_memory_win.cc(73)] ReadMemory at 0x7ffe14050000 of 64 bytes failed: Only part of a ReadProcessMemory or WriteProcessMemory request was completed. (0x12B)
[0319/102651.223:WARNING:pe_image_reader.cc(302)] could not read dos header from C:\windows\SYSTEM32\dxgi.dll
[0319/102651.223:ERROR:process_memory_win.cc(73)] ReadMemory at 0x7ffe04260000 of 64 bytes failed: Only part of a ReadProcessMemory or WriteProcessMemory request was completed. (0x12B)
[0319/102651.223:WARNING:pe_image_reader.cc(302)] could not read dos header from C:\windows\SYSTEM32\WINSPOOL.DRV
[0319/102651.223:ERROR:process_memory_win.cc(73)] ReadMemory at 0x7ffdf44f0000 of 64 bytes failed: Only part of a ReadProcessMemory or WriteProcessMemory request was completed. (0x12B)
[0319/102651.224:WARNING:pe_image_reader.cc(302)] could not read dos header from C:\windows\SYSTEM32\dbghelp.dll
[0319/102651.224:ERROR:process_memory_win.cc(73)] ReadMemory at 0x7ffe10d80000 of 64 bytes failed: Only part of a ReadProcessMemory or WriteProcessMemory request was completed. (0x12B)
[0319/102651.224:WARNING:pe_image_reader.cc(302)] could not read dos header from C:\windows\SYSTEM32\USP10.dll
[0319/102651.224:ERROR:process_memory_win.cc(73)] ReadMemory at 0x7ffe17240000 of 64 bytes failed: Only part of a ReadProcessMemory or WriteProcessMemory request was completed. (0x12B)
[0319/102651.224:WARNING:pe_image_reader.cc(302)] could not read dos header from C:\windows\system32\COMDLG32.dll
[0319/102651.224:ERROR:process_memory_win.cc(73)] ReadMemory at 0x7ffe162c0000 of 64 bytes failed: Only part of a ReadProcessMemory or WriteProcessMemory request was completed. (0x12B)
[0319/102651.224:WARNING:pe_image_reader.cc(302)] could not read dos header from C:\windows\system32\CRYPT32.dll
[0319/102651.224:ERROR:process_memory_win.cc(73)] ReadMemory at 0x7ffe0df10000 of 64 bytes failed: Only part of a ReadProcessMemory or WriteProcessMemory request was completed. (0x12B)
[0319/102651.224:WARNING:pe_image_reader.cc(302)] could not read dos header from C:\windows\SYSTEM32\WINHTTP.dll
[0319/102651.225:ERROR:process_memory_win.cc(73)] ReadMemory at 0x7ffe0f840000 of 64 bytes failed: Only part of a ReadProcessMemory or WriteProcessMemory request was completed. (0x12B)
[0319/102651.225:WARNING:pe_image_reader.cc(302)] could not read dos header from C:\windows\SYSTEM32\urlmon.dll
[0319/102651.225:ERROR:process_memory_win.cc(73)] ReadMemory at 0x7ffe11330000 of 64 bytes failed: Only part of a ReadProcessMemory or WriteProcessMemory request was completed. (0x12B)
[0319/102651.225:WARNING:pe_image_reader.cc(302)] could not read dos header from C:\windows\SYSTEM32\Secur32.dll
[0319/102651.225:ERROR:process_memory_win.cc(73)] ReadMemory at 0x7ffe0fdb0000 of 64 bytes failed: Only part of a ReadProcessMemory or WriteProcessMemory request was completed. (0x12B)
[0319/102651.225:WARNING:pe_image_reader.cc(302)] could not read dos header from C:\windows\SYSTEM32\dhcpcsvc.DLL
[0319/102651.225:ERROR:process_memory_win.cc(73)] ReadMemory at 0x7ffe16720000 of 64 bytes failed: Only part of a ReadProcessMemory or WriteProcessMemory request was completed. (0x12B)
[0319/102651.225:WARNING:pe_image_reader.cc(302)] could not read dos header from C:\windows\system32\NSI.dll
[0319/102651.226:ERROR:process_memory_win.cc(73)] ReadMemory at 0x7ffe10170000 of 64 bytes failed: Only part of a ReadProcessMemory or WriteProcessMemory request was completed. (0x12B)
[0319/102651.226:WARNING:pe_image_reader.cc(302)] could not read dos header from C:\windows\SYSTEM32\WINNSI.DLL
[0319/102651.226:ERROR:process_memory_win.cc(73)] ReadMemory at 0x7ffe161a0000 of 64 bytes failed: Only part of a ReadProcessMemory or WriteProcessMemory request was completed. (0x12B)
[0319/102651.226:WARNING:pe_image_reader.cc(302)] could not read dos header from C:\windows\system32\MSASN1.dll
[0319/102651.226:ERROR:process_memory_win.cc(73)] ReadMemory at 0x7ffe11c80000 of 64 bytes failed: Only part of a ReadProcessMemory or WriteProcessMemory request was completed. (0x12B)
[0319/102651.226:WARNING:pe_image_reader.cc(302)] could not read dos header from C:\windows\WinSxS\amd64_microsoft.windows.common-controls_6595b64144ccf1df_6.0.9600.18006_none_623f33d3ecbe86e8\COMCTL32.dll
[0319/102651.226:ERROR:process_memory_win.cc(73)] ReadMemory at 0x7ffe0f570000 of 64 bytes failed: Only part of a ReadProcessMemory or WriteProcessMemory request was completed. (0x12B)
[0319/102651.226:WARNING:pe_image_reader.cc(302)] could not read dos header from C:\windows\SYSTEM32\iertutil.dll
[0319/102651.227:ERROR:process_memory_win.cc(73)] ReadMemory at 0x7ffe0f2a0000 of 64 bytes failed: Only part of a ReadProcessMemory or WriteProcessMemory request was completed. (0x12B)
[0319/102651.227:WARNING:pe_image_reader.cc(302)] could not read dos header from C:\windows\SYSTEM32\WININET.dll
[0319/102651.227:ERROR:process_memory_win.cc(73)] ReadMemory at 0x7ffe14dd0000 of 64 bytes failed: Only part of a ReadProcessMemory or WriteProcessMemory request was completed. (0x12B)
[0319/102651.227:WARNING:pe_image_reader.cc(302)] could not read dos header from C:\windows\SYSTEM32\kernel.appcore.dll
[0319/102651.227:ERROR:process_memory_win.cc(73)] ReadMemory at 0x7ffe17300000 of 64 bytes failed: Only part of a ReadProcessMemory or WriteProcessMemory request was completed. (0x12B)
[0319/102651.227:WARNING:pe_image_reader.cc(302)] could not read dos header from C:\windows\system32\SETUPAPI.dll
[0319/102651.227:ERROR:process_memory_win.cc(73)] ReadMemory at 0x7ffe01e90000 of 64 bytes failed: Only part of a ReadProcessMemory or WriteProcessMemory request was completed. (0x12B)
[0319/102651.227:WARNING:pe_image_reader.cc(302)] could not read dos header from C:\windows\SYSTEM32\mf.dll
[0319/102651.227:ERROR:process_memory_win.cc(73)] ReadMemory at 0x7ffe01430000 of 64 bytes failed: Only part of a ReadProcessMemory or WriteProcessMemory request was completed. (0x12B)
[0319/102651.228:WARNING:pe_image_reader.cc(302)] could not read dos header from C:\windows\SYSTEM32\mfplat.dll
[0319/102651.228:ERROR:process_memory_win.cc(73)] ReadMemory at 0x7ffe05130000 of 64 bytes failed: Only part of a ReadProcessMemory or WriteProcessMemory request was completed. (0x12B)
[0319/102651.228:WARNING:pe_image_reader.cc(302)] could not read dos header from C:\windows\SYSTEM32\RTWorkQ.DLL
[0319/102651.228:ERROR:process_memory_win.cc(73)] ReadMemory at 0x7ffe145b0000 of 64 bytes failed: Only part of a ReadProcessMemory or WriteProcessMemory request was completed. (0x12B)
[0319/102651.228:WARNING:pe_image_reader.cc(302)] could not read dos header from C:\windows\SYSTEM32\AVRT.dll
[0319/102651.228:ERROR:process_memory_win.cc(73)] ReadMemory at 0x7ffdf0f80000 of 64 bytes failed: Only part of a ReadProcessMemory or WriteProcessMemory request was completed. (0x12B)
[0319/102651.228:WARNING:pe_image_reader.cc(302)] could not read dos header from C:\windows\SYSTEM32\msmpeg2vdec.dll
[0319/102651.228:ERROR:process_memory_win.cc(73)] ReadMemory at 0x7ffe15990000 of 64 bytes failed: Only part of a ReadProcessMemory or WriteProcessMemory request was completed. (0x12B)
[0319/102651.229:WARNING:pe_image_reader.cc(302)] could not read dos header from C:\windows\SYSTEM32\CRYPTSP.dll
[0319/102651.229:ERROR:process_memory_win.cc(73)] ReadMemory at 0x7ffe15c40000 of 64 bytes failed: Only part of a ReadProcessMemory or WriteProcessMemory request was completed. (0x12B)
[0319/102651.229:WARNING:pe_image_reader.cc(302)] could not read dos header from C:\windows\SYSTEM32\bcrypt.dll
[0319/102651.229:ERROR:process_memory_win.cc(73)] ReadMemory at 0x7ffe044f0000 of 64 bytes failed: Only part of a ReadProcessMemory or WriteProcessMemory request was completed. (0x12B)
[0319/102651.229:WARNING:pe_image_reader.cc(302)] could not read dos header from C:\windows\SYSTEM32\dxva2.dll
[0319/102651.229:ERROR:process_memory_win.cc(73)] ReadMemory at 0x7ffe02820000 of 64 bytes failed: Only part of a ReadProcessMemory or WriteProcessMemory request was completed. (0x12B)
[0319/102651.229:WARNING:pe_image_reader.cc(302)] could not read dos header from C:\windows\SYSTEM32\msvproc.dll
[0319/102651.229:ERROR:process_memory_win.cc(73)] ReadMemory at 0x7ffde4320000 of 64 bytes failed: Only part of a ReadProcessMemory or WriteProcessMemory request was completed. (0x12B)
[0319/102651.230:WARNING:pe_image_reader.cc(302)] could not read dos header from C:\windows\SYSTEM32\D3DCompiler_47.dll
[0319/102651.230:ERROR:process_memory_win.cc(73)] ReadMemory at 0x7ffde3e10000 of 64 bytes failed: Only part of a ReadProcessMemory or WriteProcessMemory request was completed. (0x12B)
[0319/102651.230:WARNING:pe_image_reader.cc(302)] could not read dos header from C:\Program Files (x86)\Google\Chrome\Application\72.0.3626.121\libglesv2.dll
[0319/102651.230:ERROR:process_memory_win.cc(73)] ReadMemory at 0x7ffdeef80000 of 64 bytes failed: Only part of a ReadProcessMemory or WriteProcessMemory request was completed. (0x12B)
[0319/102651.230:WARNING:pe_image_reader.cc(302)] could not read dos header from C:\windows\SYSTEM32\d3d9.dll
[0319/102651.230:ERROR:process_memory_win.cc(73)] ReadMemory at 0x7ffe12190000 of 64 bytes failed: Only part of a ReadProcessMemory or WriteProcessMemory request was completed. (0x12B)
[0319/102651.230:WARNING:pe_image_reader.cc(302)] could not read dos header from C:\windows\SYSTEM32\dwmapi.dll
[0319/102651.230:ERROR:process_memory_win.cc(73)] ReadMemory at 0x7ffe02de0000 of 64 bytes failed: Only part of a ReadProcessMemory or WriteProcessMemory request was completed. (0x12B)
[0319/102651.230:WARNING:pe_image_reader.cc(302)] could not read dos header from C:\Program Files (x86)\Google\Chrome\Application\72.0.3626.121\libegl.dll
[0319/102651.231:ERROR:process_memory_win.cc(73)] ReadMemory at 0x7ffe140e0000 of 64 bytes failed: Only part of a ReadProcessMemory or WriteProcessMemory request was completed. (0x12B)
[0319/102651.231:WARNING:pe_image_reader.cc(302)] could not read dos header from C:\windows\SYSTEM32\d3d11.dll
[0319/102651.231:ERROR:process_memory_win.cc(73)] ReadMemory at 0x7ffe14770000 of 64 bytes failed: Only part of a ReadProcessMemory or WriteProcessMemory request was completed. (0x12B)
[0319/102651.231:WARNING:pe_image_reader.cc(302)] could not read dos header from C:\windows\SYSTEM32\dcomp.dll
[0319/102651.231:ERROR:process_memory_win.cc(73)] ReadMemory at 0x7ffe12640000 of 64 bytes failed: Only part of a ReadProcessMemory or WriteProcessMemory request was completed. (0x12B)
[0319/102651.231:WARNING:pe_image_reader.cc(302)] could not read dos header from C:\windows\SYSTEM32\igd10iumd64.dll
[0319/102651.231:ERROR:process_memory_win.cc(73)] ReadMemory at 0x7ffe15c10000 of 64 bytes failed: Only part of a ReadProcessMemory or WriteProcessMemory request was completed. (0x12B)
[0319/102651.231:WARNING:pe_image_reader.cc(302)] could not read dos header from C:\windows\SYSTEM32\ncrypt.dll
[0319/102651.234:ERROR:process_memory_win.cc(73)] ReadMemory at 0x7ffe15bd0000 of 64 bytes failed: Only part of a ReadProcessMemory or WriteProcessMemory request was completed. (0x12B)
[0319/102651.235:WARNING:pe_image_reader.cc(302)] could not read dos header from C:\windows\SYSTEM32\NTASN1.dll
[0319/102651.235:ERROR:process_memory_win.cc(73)] ReadMemory at 0x7ffe121e0000 of 64 bytes failed: Only part of a ReadProcessMemory or WriteProcessMemory request was completed. (0x12B)
[0319/102651.235:WARNING:pe_image_reader.cc(302)] could not read dos header from C:\windows\SYSTEM32\igdusc64.dll
[0319/102651.235:ERROR:process_memory_win.cc(73)] ReadMemory at 0x7ffe14df0000 of 64 bytes failed: Only part of a ReadProcessMemory or WriteProcessMemory request was completed. (0x12B)
[0319/102651.235:WARNING:pe_image_reader.cc(302)] could not read dos header from C:\windows\system32\uxtheme.dll
[0319/102651.235:ERROR:process_memory_win.cc(73)] ReadMemory at 0x7ffe174e0000 of 64 bytes failed: Only part of a ReadProcessMemory or WriteProcessMemory request was completed. (0x12B)
[0319/102651.236:WARNING:pe_image_reader.cc(302)] could not read dos header from C:\windows\SYSTEM32\clbcatq.dll
[0319/102651.236:ERROR:process_memory_win.cc(73)] ReadMemory at 0x7ffdf5e60000 of 64 bytes failed: Only part of a ReadProcessMemory or WriteProcessMemory request was completed. (0x12B)
[0319/102651.236:WARNING:pe_image_reader.cc(302)] could not read dos header from C:\Windows\System32\mfh264enc.dll
[0319/102651.877:ERROR:process_memory_win.cc(73)] ReadMemory at 0x8b3b293000 of 53248 bytes failed: Only part of a ReadProcessMemory or WriteProcessMemory request was completed. (0x12B)
[0319/102651.877:ERROR:process_memory_win.cc(73)] ReadMemory at 0x8b029ce000 of 8192 bytes failed: Only part of a ReadProcessMemory or WriteProcessMemory request was completed. (0x12B)
[0319/102651.877:ERROR:process_memory_win.cc(73)] ReadMemory at 0x8b035ce000 of 8192 bytes failed: Only part of a ReadProcessMemory or WriteProcessMemory request was completed. (0x12B)
[0319/102651.878:ERROR:process_memory_win.cc(73)] ReadMemory at 0x8b037cd000 of 12288 bytes failed: Only part of a ReadProcessMemory or WriteProcessMemory request was completed. (0x12B)
[0319/102651.878:ERROR:process_memory_win.cc(73)] ReadMemory at 0x8b039ce000 of 8192 bytes failed: Only part of a ReadProcessMemory or WriteProcessMemory request was completed. (0x12B)
[0319/102651.878:ERROR:process_memory_win.cc(73)] ReadMemory at 0x8b03bce000 of 8192 bytes failed: Only part of a ReadProcessMemory or WriteProcessMemory request was completed. (0x12B)
[0319/102651.878:ERROR:process_memory_win.cc(73)] ReadMemory at 0x8b03dce000 of 8192 bytes failed: Only part of a ReadProcessMemory or WriteProcessMemory request was completed. (0x12B)
[0319/102651.879:ERROR:process_memory_win.cc(73)] ReadMemory at 0x8b03fcd000 of 12288 bytes failed: Only part of a ReadProcessMemory or WriteProcessMemory request was completed. (0x12B)
[0319/102651.879:ERROR:process_memory_win.cc(73)] ReadMemory at 0x8b041ce000 of 8192 bytes failed: Only part of a ReadProcessMemory or WriteProcessMemory request was completed. (0x12B)
[0319/102651.879:ERROR:process_memory_win.cc(73)] ReadMemory at 0x8b043cc000 of 16384 bytes failed: Only part of a ReadProcessMemory or WriteProcessMemory request was completed. (0x12B)
[0319/102651.879:ERROR:process_memory_win.cc(73)] ReadMemory at 0x8b0479e000 of 8192 bytes failed: Only part of a ReadProcessMemory or WriteProcessMemory request was completed. (0x12B)
[0319/102651.880:ERROR:process_memory_win.cc(73)] ReadMemory at 0x8b07296000 of 40960 bytes failed: Only part of a ReadProcessMemory or WriteProcessMemory request was completed. (0x12B)
[0319/102651.880:ERROR:process_memory_win.cc(73)] ReadMemory at 0x8b07496000 of 40960 bytes failed: Only part of a ReadProcessMemory or WriteProcessMemory request was completed. (0x12B)
[0319/102651.880:ERROR:process_memory_win.cc(73)] ReadMemory at 0x8b06ca6000 of 40960 bytes failed: Only part of a ReadProcessMemory or WriteProcessMemory request was completed. (0x12B)
[0319/102651.881:ERROR:process_memory_win.cc(73)] ReadMemory at 0x8b06ea6000 of 40960 bytes failed: Only part of a ReadProcessMemory or WriteProcessMemory request was completed. (0x12B)
[0319/102651.881:ERROR:process_memory_win.cc(73)] ReadMemory at 0x8b08245000 of 45056 bytes failed: Only part of a ReadProcessMemory or WriteProcessMemory request was completed. (0x12B)
[0319/102651.881:ERROR:process_memory_win.cc(73)] ReadMemory at 0x8b00142da0 of 512 bytes failed: Only part of a ReadProcessMemory or WriteProcessMemory request was completed. (0x12B)
[0319/102652.132:ERROR:process_memory_win.cc(73)] ReadMemory at 0x8b003920e0 of 512 bytes failed: Only part of a ReadProcessMemory or WriteProcessMemory request was completed. (0x12B)
[0319/102652.132:ERROR:process_memory_win.cc(73)] ReadMemory at 0x8b01a28500 of 512 bytes failed: Only part of a ReadProcessMemory or WriteProcessMemory request was completed. (0x12B)
[0319/102652.176:ERROR:process_memory_win.cc(73)] ReadMemory at 0x8b01a2c2b0 of 512 bytes failed: Only part of a ReadProcessMemory or WriteProcessMemory request was completed. (0x12B)
[0319/102652.177:ERROR:process_memory_win.cc(73)] ReadMemory at 0x8b01a2e5b8 of 512 bytes failed: Only part of a ReadProcessMemory or WriteProcessMemory request was completed. (0x12B)
[0319/102652.177:ERROR:process_memory_win.cc(73)] ReadMemory at 0x8b01a31798 of 832 bytes failed: Only part of a ReadProcessMemory or WriteProcessMemory request was completed. (0x12B)
[0319/102652.177:ERROR:process_memory_win.cc(73)] ReadMemory at 0x8b01a33f70 of 512 bytes failed: Only part of a ReadProcessMemory or WriteProcessMemory request was completed. (0x12B)
[0319/102652.177:ERROR:process_memory_win.cc(73)] ReadMemory at 0x8b01a342d0 of 512 bytes failed: Only part of a ReadProcessMemory or WriteProcessMemory request was completed. (0x12B)
[0319/102652.177:ERROR:process_memory_win.cc(73)] ReadMemory at 0x8b01a405a0 of 512 bytes failed: Only part of a ReadProcessMemory or WriteProcessMemory request was completed. (0x12B)
[0319/102652.178:ERROR:process_memory_win.cc(73)] ReadMemory at 0x8b01a49dc0 of 512 bytes failed: Only part of a ReadProcessMemory or WriteProcessMemory request was completed. (0x12B)
[0319/102652.178:ERROR:process_memory_win.cc(73)] ReadMemory at 0x8b01a9e030 of 512 bytes failed: Only part of a ReadProcessMemory or WriteProcessMemory request was completed. (0x12B)
[0319/102652.227:ERROR:process_memory_win.cc(73)] ReadMemory at 0x8b029d5590 of 512 bytes failed: Only part of a ReadProcessMemory or WriteProcessMemory request was completed. (0x12B)
[0319/102652.227:ERROR:process_memory_win.cc(73)] ReadMemory at 0x8b04a8da20 of 512 bytes failed: Only part of a ReadProcessMemory or WriteProcessMemory request was completed. (0x12B)
[0319/102652.227:ERROR:process_memory_win.cc(73)] ReadMemory at 0x8b04b95318 of 512 bytes failed: Only part of a ReadProcessMemory or WriteProcessMemory request was completed. (0x12B)
[0319/102652.227:ERROR:process_memory_win.cc(73)] ReadMemory at 0x8b04d0bbb0 of 1008 bytes failed: Only part of a ReadProcessMemory or WriteProcessMemory request was completed. (0x12B)
[0319/102652.227:ERROR:process_memory_win.cc(73)] ReadMemory at 0x8b04d8a7a0 of 512 bytes failed: Only part of a ReadProcessMemory or WriteProcessMemory request was completed. (0x12B)
[0319/102652.228:ERROR:process_memory_win.cc(73)] ReadMemory at 0x8b0592b700 of 512 bytes failed: Only part of a ReadProcessMemory or WriteProcessMemory request was completed. (0x12B)
[0319/102652.228:ERROR:process_memory_win.cc(73)] ReadMemory at 0x8b0592ba80 of 544 bytes failed: Only part of a ReadProcessMemory or WriteProcessMemory request was completed. (0x12B)
[0319/102652.228:ERROR:process_memory_win.cc(73)] ReadMemory at 0x8b0592be20 of 512 bytes failed: Only part of a ReadProcessMemory or WriteProcessMemory request was completed. (0x12B)
[0319/102652.229:ERROR:process_memory_win.cc(73)] ReadMemory at 0x8b05955990 of 512 bytes failed: Only part of a ReadProcessMemory or WriteProcessMemory request was completed. (0x12B)
[0319/102652.229:ERROR:process_memory_win.cc(73)] ReadMemory at 0x8b05955d10 of 512 bytes failed: Only part of a ReadProcessMemory or WriteProcessMemory request was completed. (0x12B)
[0319/102652.229:ERROR:process_memory_win.cc(73)] ReadMemory at 0x8b05967030 of 512 bytes failed: Only part of a ReadProcessMemory or WriteProcessMemory request was completed. (0x12B)
[0319/102652.230:ERROR:process_memory_win.cc(73)] ReadMemory at 0x8b059673b0 of 512 bytes failed: Only part of a ReadProcessMemory or WriteProcessMemory request was completed. (0x12B)
[0319/102652.230:ERROR:process_memory_win.cc(73)] ReadMemory at 0x8b059e9360 of 512 bytes failed: Only part of a ReadProcessMemory or WriteProcessMemory request was completed. (0x12B)
[0319/102652.230:ERROR:process_memory_win.cc(73)] ReadMemory at 0x8b05b1d310 of 584 bytes failed: Only part of a ReadProcessMemory or WriteProcessMemory request was completed. (0x12B)
[0319/102652.230:ERROR:process_memory_win.cc(73)] ReadMemory at 0x8b07c496b0 of 512 bytes failed: Only part of a ReadProcessMemory or WriteProcessMemory request was completed. (0x12B)
[0319/102652.231:ERROR:process_memory_win.cc(73)] ReadMemory at 0x8b09da53c0 of 512 bytes failed: Only part of a ReadProcessMemory or WriteProcessMemory request was completed. (0x12B)
[0319/102652.246:ERROR:process_memory_win.cc(73)] ReadMemory at 0x8b0ee30690 of 512 bytes failed: Only part of a ReadProcessMemory or WriteProcessMemory request was completed. (0x12B)
[0319/102652.248:ERROR:process_memory_win.cc(73)] ReadMemory at 0x8b0ee7b370 of 512 bytes failed: Only part of a ReadProcessMemory or WriteProcessMemory request was completed. (0x12B)
[0319/102652.248:ERROR:process_memory_win.cc(73)] ReadMemory at 0x8b3b330000 of 384 bytes failed: Only part of a ReadProcessMemory or WriteProcessMemory request was completed. (0x12B)
[0319/102652.248:ERROR:process_memory_win.cc(73)] ReadMemory at 0x8b3b3307b0 of 62 bytes failed: Only part of a ReadProcessMemory or WriteProcessMemory request was completed. (0x12B)
[0319/102652.248:ERROR:process_memory_win.cc(73)] ReadMemory at 0x8b3b330860 of 5428 bytes failed: Only part of a ReadProcessMemory or WriteProcessMemory request was completed. (0x12B)
[0319/102652.249:ERROR:process_memory_win.cc(73)] ReadMemory at 0x8b3b331da0 of 1012 bytes failed: Only part of a ReadProcessMemory or WriteProcessMemory request was completed. (0x12B)
[0319/102652.258:ERROR:process_memory_win.cc(73)] ReadMemory at 0x8b3b3323b8 of 118 bytes failed: Only part of a ReadProcessMemory or WriteProcessMemory request was completed. (0x12B)
[0319/102652.263:ERROR:process_memory_win.cc(73)] ReadMemory at 0x8b3b332430 of 992 bytes failed: Only part of a ReadProcessMemory or WriteProcessMemory request was completed. (0x12B)
[0319/102652.264:ERROR:process_memory_win.cc(73)] ReadMemory at 0x8b3b332812 of 118 bytes failed: Only part of a ReadProcessMemory or WriteProcessMemory request was completed. (0x12B)
[0319/102652.264:ERROR:process_memory_win.cc(73)] ReadMemory at 0x8b3b33288a of 30 bytes failed: Only part of a ReadProcessMemory or WriteProcessMemory request was completed. (0x12B)
[0319/102652.264:ERROR:process_memory_win.cc(73)] ReadMemory at 0x8b3b3328c0 of 58 bytes failed: Only part of a ReadProcessMemory or WriteProcessMemory request was completed. (0x12B)
[0319/102652.264:ERROR:process_memory_win.cc(73)] ReadMemory at 0x8b3b3329c0 of 132 bytes failed: Only part of a ReadProcessMemory or WriteProcessMemory request was completed. (0x12B)
[0319/102652.264:ERROR:process_memory_win.cc(73)] ReadMemory at 0x8b3b332b40 of 132 bytes failed: Only part of a ReadProcessMemory or WriteProcessMemory request was completed. (0x12B)
[0319/102652.265:ERROR:process_memory_win.cc(73)] ReadMemory at 0x8b3b333040 of 64 bytes failed: Only part of a ReadProcessMemory or WriteProcessMemory request was completed. (0x12B)
[0319/102652.494:ERROR:process_memory_win.cc(73)] ReadMemory at 0x8b3b333090 of 132 bytes failed: Only part of a ReadProcessMemory or WriteProcessMemory request was completed. (0x12B)
[0319/102652.598:ERROR:process_memory_win.cc(73)] ReadMemory at 0x8b3b333400 of 68 bytes failed: Only part of a ReadProcessMemory or WriteProcessMemory request was completed. (0x12B)
[0319/102652.872:ERROR:process_memory_win.cc(73)] ReadMemory at 0x8b3b333450 of 132 bytes failed: Only part of a ReadProcessMemory or WriteProcessMemory request was completed. (0x12B)
[0319/102652.873:ERROR:process_memory_win.cc(73)] ReadMemory at 0x8b3b334220 of 154 bytes failed: Only part of a ReadProcessMemory or WriteProcessMemory request was completed. (0x12B)
[0319/102652.873:ERROR:process_memory_win.cc(73)] ReadMemory at 0x8b3b3342d0 of 132 bytes failed: Only part of a ReadProcessMemory or WriteProcessMemory request was completed. (0x12B)
[0319/102652.873:ERROR:process_memory_win.cc(73)] ReadMemory at 0x8b3b3343f0 of 62 bytes failed: Only part of a ReadProcessMemory or WriteProcessMemory request was completed. (0x12B)
[0319/102652.878:ERROR:process_memory_win.cc(73)] ReadMemory at 0x8b3b334440 of 132 bytes failed: Only part of a ReadProcessMemory or WriteProcessMemory request was completed. (0x12B)
[0319/102652.878:ERROR:process_memory_win.cc(73)] ReadMemory at 0x8b3b334650 of 64 bytes failed: Only part of a ReadProcessMemory or WriteProcessMemory request was completed. (0x12B)
[0319/102652.878:ERROR:process_memory_win.cc(73)] ReadMemory at 0x8b3b3346a0 of 132 bytes failed: Only part of a ReadProcessMemory or WriteProcessMemory request was completed. (0x12B)
[0319/102652.879:ERROR:process_memory_win.cc(73)] ReadMemory at 0x8b3b3348b0 of 60 bytes failed: Only part of a ReadProcessMemory or WriteProcessMemory request was completed. (0x12B)
[0319/102652.879:ERROR:process_memory_win.cc(73)] ReadMemory at 0x8b3b334900 of 132 bytes failed: Only part of a ReadProcessMemory or WriteProcessMemory request was completed. (0x12B)
[0319/102652.879:ERROR:process_memory_win.cc(73)] ReadMemory at 0x8b3b336fa0 of 62 bytes failed: Only part of a ReadProcessMemory or WriteProcessMemory request was completed. (0x12B)
[0319/102652.879:ERROR:process_memory_win.cc(73)] ReadMemory at 0x8b3b336ff0 of 132 bytes failed: Only part of a ReadProcessMemory or WriteProcessMemory request was completed. (0x12B)
[0319/102652.879:ERROR:process_memory_win.cc(73)] ReadMemory at 0x8b3b338870 of 132 bytes failed: Only part of a ReadProcessMemory or WriteProcessMemory request was completed. (0x12B)
[0319/102652.880:ERROR:process_memory_win.cc(73)] ReadMemory at 0x8b3b3389c0 of 58 bytes failed: Only part of a ReadProcessMemory or WriteProcessMemory request was completed. (0x12B)
[0319/102652.880:ERROR:process_memory_win.cc(73)] ReadMemory at 0x8b3b338a50 of 58 bytes failed: Only part of a ReadProcessMemory or WriteProcessMemory request was completed. (0x12B)
[0319/102652.880:ERROR:process_memory_win.cc(73)] ReadMemory at 0x8b3b338aa0 of 132 bytes failed: Only part of a ReadProcessMemory or WriteProcessMemory request was completed. (0x12B)
[0319/102652.880:ERROR:process_memory_win.cc(73)] ReadMemory at 0x8b3b338bc0 of 62 bytes failed: Only part of a ReadProcessMemory or WriteProcessMemory request was completed. (0x12B)
[0319/102652.880:ERROR:process_memory_win.cc(73)] ReadMemory at 0x8b3b338c10 of 132 bytes failed: Only part of a ReadProcessMemory or WriteProcessMemory request was completed. (0x12B)
[0319/102652.881:ERROR:process_memory_win.cc(73)] ReadMemory at 0x8b3b338d30 of 132 bytes failed: Only part of a ReadProcessMemory or WriteProcessMemory request was completed. (0x12B)
[0319/102652.938:ERROR:process_memory_win.cc(73)] ReadMemory at 0x8b3b339390 of 60 bytes failed: Only part of a ReadProcessMemory or WriteProcessMemory request was completed. (0x12B)
[0319/102652.938:ERROR:process_memory_win.cc(73)] ReadMemory at 0x8b3b339980 of 132 bytes failed: Only part of a ReadProcessMemory or WriteProcessMemory request was completed. (0x12B)
[0319/102652.938:ERROR:process_memory_win.cc(73)] ReadMemory at 0x8b3b339b40 of 62 bytes failed: Only part of a ReadProcessMemory or WriteProcessMemory request was completed. (0x12B)
[0319/102652.938:ERROR:process_memory_win.cc(73)] ReadMemory at 0x8b3b339be0 of 58 bytes failed: Only part of a ReadProcessMemory or WriteProcessMemory request was completed. (0x12B)
[0319/102652.939:ERROR:process_memory_win.cc(73)] ReadMemory at 0x8b3b339c30 of 62 bytes failed: Only part of a ReadProcessMemory or WriteProcessMemory request was completed. (0x12B)
[0319/102652.939:ERROR:process_memory_win.cc(73)] ReadMemory at 0x8b3b339d70 of 62 bytes failed: Only part of a ReadProcessMemory or WriteProcessMemory request was completed. (0x12B)
[0319/102652.939:ERROR:process_memory_win.cc(73)] ReadMemory at 0x8b3b339dc0 of 60 bytes failed: Only part of a ReadProcessMemory or WriteProcessMemory request was completed. (0x12B)
[0319/102652.939:ERROR:process_memory_win.cc(73)] ReadMemory at 0x8b3b339e10 of 66 bytes failed: Only part of a ReadProcessMemory or WriteProcessMemory request was completed. (0x12B)
[0319/102652.939:ERROR:process_memory_win.cc(73)] ReadMemory at 0x8b3b339e60 of 64 bytes failed: Only part of a ReadProcessMemory or WriteProcessMemory request was completed. (0x12B)
[0319/102652.940:ERROR:process_memory_win.cc(73)] ReadMemory at 0x8b3b339eb0 of 60 bytes failed: Only part of a ReadProcessMemory or WriteProcessMemory request was completed. (0x12B)
[0319/102652.940:ERROR:process_memory_win.cc(73)] ReadMemory at 0x8b3b339f00 of 66 bytes failed: Only part of a ReadProcessMemory or WriteProcessMemory request was completed. (0x12B)
[0319/102652.940:ERROR:process_memory_win.cc(73)] ReadMemory at 0x8b3b339f50 of 58 bytes failed: Only part of a ReadProcessMemory or WriteProcessMemory request was completed. (0x12B)
[0319/102653.117:ERROR:process_memory_win.cc(73)] ReadMemory at 0x8b3b33a180 of 62 bytes failed: Only part of a ReadProcessMemory or WriteProcessMemory request was completed. (0x12B)
[0319/102653.416:ERROR:process_memory_win.cc(73)] ReadMemory at 0x8b3b33a220 of 58 bytes failed: Only part of a ReadProcessMemory or WriteProcessMemory request was completed. (0x12B)
[0319/102653.416:ERROR:process_memory_win.cc(73)] ReadMemory at 0x8b3b33a2b0 of 132 bytes failed: Only part of a ReadProcessMemory or WriteProcessMemory request was completed. (0x12B)
[0319/102653.416:ERROR:process_memory_win.cc(73)] ReadMemory at 0x8b3b33a840 of 132 bytes failed: Only part of a ReadProcessMemory or WriteProcessMemory request was completed. (0x12B)
[0319/102653.417:ERROR:process_memory_win.cc(73)] ReadMemory at 0x8b3b33a9a0 of 54 bytes failed: Only part of a ReadProcessMemory or WriteProcessMemory request was completed. (0x12B)
[0319/102653.417:ERROR:process_memory_win.cc(73)] ReadMemory at 0x8b3b33aa20 of 132 bytes failed: Only part of a ReadProcessMemory or WriteProcessMemory request was completed. (0x12B)
[0319/102653.417:ERROR:process_memory_win.cc(73)] ReadMemory at 0x8b3b33ab90 of 132 bytes failed: Only part of a ReadProcessMemory or WriteProcessMemory request was completed. (0x12B)
[0319/102653.417:ERROR:process_memory_win.cc(73)] ReadMemory at 0x8b3b33acb0 of 132 bytes failed: Only part of a ReadProcessMemory or WriteProcessMemory request was completed. (0x12B)
[0319/102653.418:ERROR:process_memory_win.cc(73)] ReadMemory at 0x8b3b33add0 of 132 bytes failed: Only part of a ReadProcessMemory or WriteProcessMemory request was completed. (0x12B)
[0319/102653.418:ERROR:process_memory_win.cc(73)] ReadMemory at 0x8b3b33aef0 of 132 bytes failed: Only part of a ReadProcessMemory or WriteProcessMemory request was completed. (0x12B)
[0319/102653.418:ERROR:process_memory_win.cc(73)] ReadMemory at 0x8b3b33b010 of 132 bytes failed: Only part of a ReadProcessMemory or WriteProcessMemory request was completed. (0x12B)
[0319/102653.418:ERROR:process_memory_win.cc(73)] ReadMemory at 0x8b3b33b130 of 132 bytes failed: Only part of a ReadProcessMemory or WriteProcessMemory request was completed. (0x12B)
[0319/102653.431:ERROR:process_memory_win.cc(73)] ReadMemory at 0x8b3b33b250 of 132 bytes failed: Only part of a ReadProcessMemory or WriteProcessMemory request was completed. (0x12B)
[0319/102653.431:ERROR:process_memory_win.cc(73)] ReadMemory at 0x8b3b33b370 of 132 bytes failed: Only part of a ReadProcessMemory or WriteProcessMemory request was completed. (0x12B)
[0319/102653.445:ERROR:process_memory_win.cc(73)] ReadMemory at 0x8b3b33b490 of 132 bytes failed: Only part of a ReadProcessMemory or WriteProcessMemory request was completed. (0x12B)
[0319/102653.445:ERROR:process_memory_win.cc(73)] ReadMemory at 0x8b3b33b5b0 of 132 bytes failed: Only part of a ReadProcessMemory or WriteProcessMemory request was completed. (0x12B)
[0319/102653.445:ERROR:process_memory_win.cc(73)] ReadMemory at 0x8b3b33b6d0 of 132 bytes failed: Only part of a ReadProcessMemory or WriteProcessMemory request was completed. (0x12B)
[0319/102653.445:ERROR:process_memory_win.cc(73)] ReadMemory at 0x8b3b33b7f0 of 132 bytes failed: Only part of a ReadProcessMemory or WriteProcessMemory request was completed. (0x12B)
[0319/102653.446:ERROR:process_memory_win.cc(73)] ReadMemory at 0x8b3b33b910 of 132 bytes failed: Only part of a ReadProcessMemory or WriteProcessMemory request was completed. (0x12B)
[0319/102653.446:ERROR:process_memory_win.cc(73)] ReadMemory at 0x8b3b33c990 of 80 bytes failed: Only part of a ReadProcessMemory or WriteProcessMemory request was completed. (0x12B)
[0319/102653.446:ERROR:process_memory_win.cc(73)] ReadMemory at 0x8b3b33ced0 of 158 bytes failed: Only part of a ReadProcessMemory or WriteProcessMemory request was completed. (0x12B)
[0319/102653.446:ERROR:process_memory_win.cc(73)] ReadMemory at 0x8b3b3406a0 of 60 bytes failed: Only part of a ReadProcessMemory or WriteProcessMemory request was completed. (0x12B)
[0319/102653.446:ERROR:process_memory_win.cc(73)] ReadMemory at 0x8b3b340740 of 62 bytes failed: Only part of a ReadProcessMemory or WriteProcessMemory request was completed. (0x12B)
[0319/102653.447:ERROR:process_memory_win.cc(73)] ReadMemory at 0x8b3b3407e0 of 64 bytes failed: Only part of a ReadProcessMemory or WriteProcessMemory request was completed. (0x12B)
[0319/102653.447:ERROR:process_memory_win.cc(73)] ReadMemory at 0x8b3b3408d0 of 64 bytes failed: Only part of a ReadProcessMemory or WriteProcessMemory request was completed. (0x12B)
[0319/102653.447:ERROR:process_memory_win.cc(73)] ReadMemory at 0x8b3b340970 of 56 bytes failed: Only part of a ReadProcessMemory or WriteProcessMemory request was completed. (0x12B)
[0319/102653.448:ERROR:process_memory_win.cc(73)] ReadMemory at 0x8b3b340a60 of 60 bytes failed: Only part of a ReadProcessMemory or WriteProcessMemory request was completed. (0x12B)
[0319/102653.448:ERROR:process_memory_win.cc(73)] ReadMemory at 0x8b3b340b50 of 60 bytes failed: Only part of a ReadProcessMemory or WriteProcessMemory request was completed. (0x12B)
[0319/102653.448:ERROR:process_memory_win.cc(73)] ReadMemory at 0x8b3b340bf0 of 58 bytes failed: Only part of a ReadProcessMemory or WriteProcessMemory request was completed. (0x12B)
[0319/102653.448:ERROR:process_memory_win.cc(73)] ReadMemory at 0x8b3b340ce0 of 60 bytes failed: Only part of a ReadProcessMemory or WriteProcessMemory request was completed. (0x12B)
[0319/102653.448:ERROR:process_memory_win.cc(73)] ReadMemory at 0x8b3b340d30 of 64 bytes failed: Only part of a ReadProcessMemory or WriteProcessMemory request was completed. (0x12B)
[0319/102653.449:ERROR:process_memory_win.cc(73)] ReadMemory at 0x8b3b340d80 of 64 bytes failed: Only part of a ReadProcessMemory or WriteProcessMemory request was completed. (0x12B)
[0319/102653.449:ERROR:process_memory_win.cc(73)] ReadMemory at 0x8b3b340dd0 of 60 bytes failed: Only part of a ReadProcessMemory or WriteProcessMemory request was completed. (0x12B)
[0319/102653.449:ERROR:process_memory_win.cc(73)] ReadMemory at 0x8b3b340e70 of 62 bytes failed: Only part of a ReadProcessMemory or WriteProcessMemory request was completed. (0x12B)
[0319/102653.449:ERROR:process_memory_win.cc(73)] ReadMemory at 0x8b3b340ec0 of 58 bytes failed: Only part of a ReadProcessMemory or WriteProcessMemory request was completed. (0x12B)
[0319/102653.449:ERROR:process_memory_win.cc(73)] ReadMemory at 0x8b3b340f10 of 60 bytes failed: Only part of a ReadProcessMemory or WriteProcessMemory request was completed. (0x12B)
[0319/102653.450:ERROR:process_memory_win.cc(73)] ReadMemory at 0x8b3b340f60 of 60 bytes failed: Only part of a ReadProcessMemory or WriteProcessMemory request was completed. (0x12B)
[0319/102653.450:ERROR:process_memory_win.cc(73)] ReadMemory at 0x8b3b340fb0 of 64 bytes failed: Only part of a ReadProcessMemory or WriteProcessMemory request was completed. (0x12B)
[0319/102653.450:ERROR:process_memory_win.cc(73)] ReadMemory at 0x8b3b341140 of 64 bytes failed: Only part of a ReadProcessMemory or WriteProcessMemory request was completed. (0x12B)
[0319/102653.450:ERROR:process_memory_win.cc(73)] ReadMemory at 0x8b3b341190 of 62 bytes failed: Only part of a ReadProcessMemory or WriteProcessMemory request was completed. (0x12B)
[0319/102653.450:ERROR:process_memory_win.cc(73)] ReadMemory at 0x8b3b3411e0 of 62 bytes failed: Only part of a ReadProcessMemory or WriteProcessMemory request was completed. (0x12B)
[0319/102653.451:ERROR:process_memory_win.cc(73)] ReadMemory at 0x8b3b3412d0 of 64 bytes failed: Only part of a ReadProcessMemory or WriteProcessMemory request was completed. (0x12B)
[0319/102653.482:ERROR:process_memory_win.cc(73)] ReadMemory at 0x8b3b341320 of 62 bytes failed: Only part of a ReadProcessMemory or WriteProcessMemory request was completed. (0x12B)
[0319/102653.482:ERROR:process_memory_win.cc(73)] ReadMemory at 0x8b3b343da0 of 248 bytes failed: Only part of a ReadProcessMemory or WriteProcessMemory request was completed. (0x12B)
[0319/102653.482:ERROR:process_memory_win.cc(73)] ReadMemory at 0x8b3b34488c of 512 bytes failed: Only part of a ReadProcessMemory or WriteProcessMemory request was completed. (0x12B)
[0319/102653.484:ERROR:process_memory_win.cc(73)] ReadMemory at 0x8b3b346400 of 132 bytes failed: Only part of a ReadProcessMemory or WriteProcessMemory request was completed. (0x12B)
[0319/102653.484:ERROR:process_memory_win.cc(73)] ReadMemory at 0x8b3b346520 of 132 bytes failed: Only part of a ReadProcessMemory or WriteProcessMemory request was completed. (0x12B)
[0319/102653.485:ERROR:process_memory_win.cc(73)] ReadMemory at 0x8b3b346640 of 132 bytes failed: Only part of a ReadProcessMemory or WriteProcessMemory request was completed. (0x12B)
[0319/102653.485:ERROR:process_memory_win.cc(73)] ReadMemory at 0x8b3b346760 of 132 bytes failed: Only part of a ReadProcessMemory or WriteProcessMemory request was completed. (0x12B)
[0319/102653.485:ERROR:process_memory_win.cc(73)] ReadMemory at 0x8b3b346880 of 132 bytes failed: Only part of a ReadProcessMemory or WriteProcessMemory request was completed. (0x12B)
[0319/102653.486:ERROR:process_memory_win.cc(73)] ReadMemory at 0x8b3b3469a0 of 132 bytes failed: Only part of a ReadProcessMemory or WriteProcessMemory request was completed. (0x12B)
[0319/102653.486:ERROR:process_memory_win.cc(73)] ReadMemory at 0x8b3b346ac0 of 132 bytes failed: Only part of a ReadProcessMemory or WriteProcessMemory request was completed. (0x12B)
[0319/102653.486:ERROR:process_memory_win.cc(73)] ReadMemory at 0x8b3b346be0 of 132 bytes failed: Only part of a ReadProcessMemory or WriteProcessMemory request was completed. (0x12B)
[0319/102653.486:ERROR:process_memory_win.cc(73)] ReadMemory at 0x8b3b346d00 of 132 bytes failed: Only part of a ReadProcessMemory or WriteProcessMemory request was completed. (0x12B)
[0319/102653.486:ERROR:process_memory_win.cc(73)] ReadMemory at 0x8b3b346e20 of 132 bytes failed: Only part of a ReadProcessMemory or WriteProcessMemory request was completed. (0x12B)
[0319/102653.487:ERROR:process_memory_win.cc(73)] ReadMemory at 0x8b3b346f40 of 132 bytes failed: Only part of a ReadProcessMemory or WriteProcessMemory request was completed. (0x12B)
[0319/102653.523:ERROR:process_memory_win.cc(73)] ReadMemory at 0x8b3b347060 of 132 bytes failed: Only part of a ReadProcessMemory or WriteProcessMemory request was completed. (0x12B)
[0319/102653.523:ERROR:process_memory_win.cc(73)] ReadMemory at 0x8b3b347180 of 132 bytes failed: Only part of a ReadProcessMemory or WriteProcessMemory request was completed. (0x12B)
[0319/102653.523:ERROR:process_memory_win.cc(73)] ReadMemory at 0x8b3b3472a0 of 132 bytes failed: Only part of a ReadProcessMemory or WriteProcessMemory request was completed. (0x12B)
[0319/102653.524:ERROR:process_memory_win.cc(73)] ReadMemory at 0x8b3b3473c0 of 132 bytes failed: Only part of a ReadProcessMemory or WriteProcessMemory request was completed. (0x12B)
[0319/102653.524:ERROR:process_memory_win.cc(73)] ReadMemory at 0x8b3b3474e0 of 132 bytes failed: Only part of a ReadProcessMemory or WriteProcessMemory request was completed. (0x12B)
[0319/102653.524:ERROR:process_memory_win.cc(73)] ReadMemory at 0x8b3b347600 of 132 bytes failed: Only part of a ReadProcessMemory or WriteProcessMemory request was completed. (0x12B)
[0319/102653.524:ERROR:process_memory_win.cc(73)] ReadMemory at 0x8b3b347720 of 132 bytes failed: Only part of a ReadProcessMemory or WriteProcessMemory request was completed. (0x12B)
[0319/102653.524:ERROR:process_memory_win.cc(73)] ReadMemory at 0x8b3b347840 of 132 bytes failed: Only part of a ReadProcessMemory or WriteProcessMemory request was completed. (0x12B)
[0319/102653.525:ERROR:process_memory_win.cc(73)] ReadMemory at 0x8b3b347960 of 132 bytes failed: Only part of a ReadProcessMemory or WriteProcessMemory request was completed. (0x12B)
[0319/102653.525:ERROR:process_memory_win.cc(73)] ReadMemory at 0x8b3b347a80 of 132 bytes failed: Only part of a ReadProcessMemory or WriteProcessMemory request was completed. (0x12B)
[0319/102653.525:ERROR:process_memory_win.cc(73)] ReadMemory at 0x8b3b347ba0 of 132 bytes failed: Only part of a ReadProcessMemory or WriteProcessMemory request was completed. (0x12B)
[0319/102653.525:ERROR:process_memory_win.cc(73)] ReadMemory at 0x8b3b347cc0 of 132 bytes failed: Only part of a ReadProcessMemory or WriteProcessMemory request was completed. (0x12B)
[0319/102653.526:ERROR:process_memory_win.cc(73)] ReadMemory at 0x8b3b347de0 of 132 bytes failed: Only part of a ReadProcessMemory or WriteProcessMemory request was completed. (0x12B)
[0319/102653.526:ERROR:process_memory_win.cc(73)] ReadMemory at 0x8b3b347f00 of 132 bytes failed: Only part of a ReadProcessMemory or WriteProcessMemory request was completed. (0x12B)
[0319/102653.526:ERROR:process_memory_win.cc(73)] ReadMemory at 0x8b3b348020 of 132 bytes failed: Only part of a ReadProcessMemory or WriteProcessMemory request was completed. (0x12B)
[0319/102653.541:ERROR:process_memory_win.cc(73)] ReadMemory at 0x8b3b348140 of 132 bytes failed: Only part of a ReadProcessMemory or WriteProcessMemory request was completed. (0x12B)
[0319/102653.572:ERROR:process_memory_win.cc(73)] ReadMemory at 0x8b3b348260 of 132 bytes failed: Only part of a ReadProcessMemory or WriteProcessMemory request was completed. (0x12B)
[0319/102653.573:ERROR:process_memory_win.cc(73)] ReadMemory at 0x8b3b348bf0 of 76 bytes failed: Only part of a ReadProcessMemory or WriteProcessMemory request was completed. (0x12B)
[0319/102653.573:ERROR:process_memory_win.cc(73)] ReadMemory at 0x8b3b348e90 of 76 bytes failed: Only part of a ReadProcessMemory or WriteProcessMemory request was completed. (0x12B)
[0319/102653.573:ERROR:process_memory_win.cc(73)] ReadMemory at 0x8b3b34b840 of 56 bytes failed: Only part of a ReadProcessMemory or WriteProcessMemory request was completed. (0x12B)
[0319/102653.573:ERROR:process_memory_win.cc(73)] ReadMemory at 0x8b3b34b980 of 70 bytes failed: Only part of a ReadProcessMemory or WriteProcessMemory request was completed. (0x12B)
[0319/102653.573:ERROR:process_memory_win.cc(73)] ReadMemory at 0x8b3b34bb60 of 62 bytes failed: Only part of a ReadProcessMemory or WriteProcessMemory request was completed. (0x12B)
[0319/102653.574:ERROR:process_memory_win.cc(73)] ReadMemory at 0x8b3b34bcf0 of 60 bytes failed: Only part of a ReadProcessMemory or WriteProcessMemory request was completed. (0x12B)
[0319/102653.574:ERROR:process_memory_win.cc(73)] ReadMemory at 0x8b3b34c010 of 58 bytes failed: Only part of a ReadProcessMemory or WriteProcessMemory request was completed. (0x12B)
[0319/102653.598:ERROR:process_memory_win.cc(73)] ReadMemory at 0x8b3b34c0b0 of 60 bytes failed: Only part of a ReadProcessMemory or WriteProcessMemory request was completed. (0x12B)
[0319/102653.969:ERROR:process_memory_win.cc(73)] ReadMemory at 0x8b3b34c1f0 of 64 bytes failed: Only part of a ReadProcessMemory or WriteProcessMemory request was completed. (0x12B)
[0319/102653.970:ERROR:process_memory_win.cc(73)] ReadMemory at 0x8b3b34c290 of 62 bytes failed: Only part of a ReadProcessMemory or WriteProcessMemory request was completed. (0x12B)
[0319/102653.970:ERROR:process_memory_win.cc(73)] ReadMemory at 0x8b3b34c3d0 of 62 bytes failed: Only part of a ReadProcessMemory or WriteProcessMemory request was completed. (0x12B)
[0319/102654.033:ERROR:process_memory_win.cc(73)] ReadMemory at 0x8b3b34d280 of 52 bytes failed: Only part of a ReadProcessMemory or WriteProcessMemory request was completed. (0x12B)
[0319/102654.036:ERROR:process_memory_win.cc(73)] ReadMemory at 0x8b3b35b820 of 146 bytes failed: Only part of a ReadProcessMemory or WriteProcessMemory request was completed. (0x12B)
[0319/102654.036:ERROR:process_memory_win.cc(73)] ReadMemory at 0x8b3b364800 of 132 bytes failed: Only part of a ReadProcessMemory or WriteProcessMemory request was completed. (0x12B)
[0319/102654.068:ERROR:process_memory_win.cc(73)] ReadMemory at 0x8b3b364b60 of 132 bytes failed: Only part of a ReadProcessMemory or WriteProcessMemory request was completed. (0x12B)
[0319/102654.068:ERROR:process_memory_win.cc(73)] ReadMemory at 0x8b3b364da0 of 132 bytes failed: Only part of a ReadProcessMemory or WriteProcessMemory request was completed. (0x12B)
[0319/102654.068:ERROR:process_memory_win.cc(73)] ReadMemory at 0x8b3b364ec0 of 132 bytes failed: Only part of a ReadProcessMemory or WriteProcessMemory request was completed. (0x12B)
[0319/102654.068:ERROR:process_memory_win.cc(73)] ReadMemory at 0x8b3b364fe0 of 132 bytes failed: Only part of a ReadProcessMemory or WriteProcessMemory request was completed. (0x12B)
[0319/102654.191:ERROR:process_memory_win.cc(73)] ReadMemory at 0x8b3b365100 of 132 bytes failed: Only part of a ReadProcessMemory or WriteProcessMemory request was completed. (0x12B)
[0319/102654.198:ERROR:process_memory_win.cc(73)] ReadMemory at 0x8b3b365340 of 132 bytes failed: Only part of a ReadProcessMemory or WriteProcessMemory request was completed. (0x12B)
[0319/102654.198:ERROR:process_memory_win.cc(73)] ReadMemory at 0x8b3b365580 of 132 bytes failed: Only part of a ReadProcessMemory or WriteProcessMemory request was completed. (0x12B)
[0319/102654.199:ERROR:process_memory_win.cc(73)] ReadMemory at 0x8b3b3657c0 of 132 bytes failed: Only part of a ReadProcessMemory or WriteProcessMemory request was completed. (0x12B)
[0319/102654.199:ERROR:process_memory_win.cc(73)] ReadMemory at 0x8b3b3658e0 of 132 bytes failed: Only part of a ReadProcessMemory or WriteProcessMemory request was completed. (0x12B)
[0319/102654.200:ERROR:process_memory_win.cc(73)] ReadMemory at 0x8b3b365b20 of 132 bytes failed: Only part of a ReadProcessMemory or WriteProcessMemory request was completed. (0x12B)
[0319/102654.200:ERROR:process_memory_win.cc(73)] ReadMemory at 0x8b3b365d60 of 132 bytes failed: Only part of a ReadProcessMemory or WriteProcessMemory request was completed. (0x12B)
[0319/102654.200:ERROR:process_memory_win.cc(73)] ReadMemory at 0x8b3b365e80 of 132 bytes failed: Only part of a ReadProcessMemory or WriteProcessMemory request was completed. (0x12B)
[0319/102654.200:ERROR:process_memory_win.cc(73)] ReadMemory at 0x8b3b365fa0 of 132 bytes failed: Only part of a ReadProcessMemory or WriteProcessMemory request was completed. (0x12B)
[0319/102654.200:ERROR:process_memory_win.cc(73)] ReadMemory at 0x8b3b3660c0 of 132 bytes failed: Only part of a ReadProcessMemory or WriteProcessMemory request was completed. (0x12B)
[0319/102654.212:ERROR:process_memory_win.cc(73)] ReadMemory at 0x8b3b3661e0 of 132 bytes failed: Only part of a ReadProcessMemory or WriteProcessMemory request was completed. (0x12B)
[0319/102654.298:ERROR:process_memory_win.cc(73)] ReadMemory at 0x8b3b366300 of 132 bytes failed: Only part of a ReadProcessMemory or WriteProcessMemory request was completed. (0x12B)
[0319/102654.298:ERROR:process_memory_win.cc(73)] ReadMemory at 0x8b3b366540 of 132 bytes failed: Only part of a ReadProcessMemory or WriteProcessMemory request was completed. (0x12B)
[0319/102654.298:ERROR:process_memory_win.cc(73)] ReadMemory at 0x8b3b3669a0 of 58 bytes failed: Only part of a ReadProcessMemory or WriteProcessMemory request was completed. (0x12B)
[0319/102654.299:ERROR:process_memory_win.cc(73)] ReadMemory at 0x8b3b366a90 of 56 bytes failed: Only part of a ReadProcessMemory or WriteProcessMemory request was completed. (0x12B)
[0319/102654.299:ERROR:process_memory_win.cc(73)] ReadMemory at 0x8b3b366e00 of 60 bytes failed: Only part of a ReadProcessMemory or WriteProcessMemory request was completed. (0x12B)
[0319/102654.299:ERROR:process_memory_win.cc(73)] ReadMemory at 0x8b3b366e50 of 60 bytes failed: Only part of a ReadProcessMemory or WriteProcessMemory request was completed. (0x12B)
[0319/102654.299:ERROR:process_memory_win.cc(73)] ReadMemory at 0x8b3b366ef0 of 58 bytes failed: Only part of a ReadProcessMemory or WriteProcessMemory request was completed. (0x12B)
[0319/102654.299:ERROR:process_memory_win.cc(73)] ReadMemory at 0x8b3b366fe0 of 64 bytes failed: Only part of a ReadProcessMemory or WriteProcessMemory request was completed. (0x12B)
[0319/102654.537:ERROR:process_memory_win.cc(73)] ReadMemory at 0x8b3b367670 of 60 bytes failed: Only part of a ReadProcessMemory or WriteProcessMemory request was completed. (0x12B)
[0319/102654.537:ERROR:process_memory_win.cc(73)] ReadMemory at 0x8b3b367760 of 70 bytes failed: Only part of a ReadProcessMemory or WriteProcessMemory request was completed. (0x12B)
[0319/102654.537:ERROR:process_memory_win.cc(73)] ReadMemory at 0x8b3b367930 of 152 bytes failed: Only part of a ReadProcessMemory or WriteProcessMemory request was completed. (0x12B)
[0319/102654.537:ERROR:process_memory_win.cc(73)] ReadMemory at 0x8b3b367a10 of 126 bytes failed: Only part of a ReadProcessMemory or WriteProcessMemory request was completed. (0x12B)
[0319/102654.567:ERROR:process_memory_win.cc(73)] ReadMemory at 0x8b3b3a32f0 of 62 bytes failed: Only part of a ReadProcessMemory or WriteProcessMemory request was completed. (0x12B)
[0319/102654.665:ERROR:process_memory_win.cc(73)] ReadMemory at 0x8b3b3a3390 of 62 bytes failed: Only part of a ReadProcessMemory or WriteProcessMemory request was completed. (0x12B)
[0319/102654.666:ERROR:process_memory_win.cc(73)] ReadMemory at 0x8b3b3dd2d0 of 512 bytes failed: Only part of a ReadProcessMemory or WriteProcessMemory request was completed. (0x12B)
[0319/102654.666:ERROR:process_memory_win.cc(73)] ReadMemory at 0x8b3b3ef490 of 896 bytes failed: Only part of a ReadProcessMemory or WriteProcessMemory request was completed. (0x12B)
[0319/102654.666:ERROR:process_memory_win.cc(73)] ReadMemory at 0x8b3b3fbef0 of 512 bytes failed: Only part of a ReadProcessMemory or WriteProcessMemory request was completed. (0x12B)
[0319/102654.666:ERROR:process_memory_win.cc(73)] ReadMemory at 0x7ff7df75a000 of 6024 bytes failed: Only part of a ReadProcessMemory or WriteProcessMemory request was completed. (0x12B)
[0319/102654.667:ERROR:process_memory_win.cc(73)] ReadMemory at 0x7ff7df75c000 of 6024 bytes failed: Only part of a ReadProcessMemory or WriteProcessMemory request was completed. (0x12B)
[0319/102654.667:ERROR:process_memory_win.cc(73)] ReadMemory at 0x7ff7df75e000 of 6024 bytes failed: Only part of a ReadProcessMemory or WriteProcessMemory request was completed. (0x12B)
[0319/102654.667:ERROR:process_memory_win.cc(73)] ReadMemory at 0x7ff7df760000 of 6024 bytes failed: Only part of a ReadProcessMemory or WriteProcessMemory request was completed. (0x12B)
[0319/102654.668:ERROR:process_memory_win.cc(73)] ReadMemory at 0x7ff7df764000 of 6024 bytes failed: Only part of a ReadProcessMemory or WriteProcessMemory request was completed. (0x12B)
[0319/102654.668:ERROR:process_memory_win.cc(73)] ReadMemory at 0x7ff7df766000 of 6024 bytes failed: Only part of a ReadProcessMemory or WriteProcessMemory request was completed. (0x12B)
[0319/102654.668:ERROR:process_memory_win.cc(73)] ReadMemory at 0x7ff7df768000 of 6024 bytes failed: Only part of a ReadProcessMemory or WriteProcessMemory request was completed. (0x12B)
[0319/102654.669:ERROR:process_memory_win.cc(73)] ReadMemory at 0x7ff7df76a000 of 6024 bytes failed: Only part of a ReadProcessMemory or WriteProcessMemory request was completed. (0x12B)
[0319/102654.669:ERROR:process_memory_win.cc(73)] ReadMemory at 0x7ff7df76c000 of 6024 bytes failed: Only part of a ReadProcessMemory or WriteProcessMemory request was completed. (0x12B)
[0319/102654.669:ERROR:process_memory_win.cc(73)] ReadMemory at 0x7ff7df76e000 of 6024 bytes failed: Only part of a ReadProcessMemory or WriteProcessMemory request was completed. (0x12B)
[0319/102654.673:ERROR:process_memory_win.cc(73)] ReadMemory at 0x7ff7df893000 of 6024 bytes failed: Only part of a ReadProcessMemory or WriteProcessMemory request was completed. (0x12B)
[0319/102654.675:ERROR:process_memory_win.cc(73)] ReadMemory at 0x7ff7df895000 of 6024 bytes failed: Only part of a ReadProcessMemory or WriteProcessMemory request was completed. (0x12B)
[0319/102654.675:ERROR:process_memory_win.cc(73)] ReadMemory at 0x7ff7df897000 of 6024 bytes failed: Only part of a ReadProcessMemory or WriteProcessMemory request was completed. (0x12B)
[0319/102654.676:ERROR:process_memory_win.cc(73)] ReadMemory at 0x7ff7df899000 of 6024 bytes failed: Only part of a ReadProcessMemory or WriteProcessMemory request was completed. (0x12B)
[0319/102654.676:ERROR:process_memory_win.cc(73)] ReadMemory at 0x7ff7df89b000 of 6024 bytes failed: Only part of a ReadProcessMemory or WriteProcessMemory request was completed. (0x12B)
[0319/102654.676:ERROR:process_memory_win.cc(73)] ReadMemory at 0x7ff7df89d000 of 6024 bytes failed: Only part of a ReadProcessMemory or WriteProcessMemory request was completed. (0x12B)
[0319/102654.676:ERROR:process_memory_win.cc(73)] ReadMemory at 0x7ff7df89f000 of 852 bytes failed: Only part of a ReadProcessMemory or WriteProcessMemory request was completed. (0x12B)
[0319/102654.677:ERROR:process_memory_win.cc(73)] ReadMemory at 0x7ffddaf85f96 of 512 bytes failed: Only part of a ReadProcessMemory or WriteProcessMemory request was completed. (0x12B)
[0319/102654.727:ERROR:process_memory_win.cc(73)] ReadMemory at 0x7ffddd2f551d of 512 bytes failed: Only part of a ReadProcessMemory or WriteProcessMemory request was completed. (0x12B)
[0319/102654.728:ERROR:process_memory_win.cc(73)] ReadMemory at 0x7ffddd2f5bf4 of 512 bytes failed: Only part of a ReadProcessMemory or WriteProcessMemory request was completed. (0x12B)
[0319/102654.728:ERROR:process_memory_win.cc(73)] ReadMemory at 0x7ffddfac5790 of 512 bytes failed: Only part of a ReadProcessMemory or WriteProcessMemory request was completed. (0x12B)
[0319/102654.728:ERROR:process_memory_win.cc(73)] ReadMemory at 0x7ffde3feeaad of 512 bytes failed: Only part of a ReadProcessMemory or WriteProcessMemory request was completed. (0x12B)
[0319/102654.728:ERROR:process_memory_win.cc(73)] ReadMemory at 0x7ffde420ab70 of 512 bytes failed: Only part of a ReadProcessMemory or WriteProcessMemory request was completed. (0x12B)
[0319/102654.729:ERROR:process_memory_win.cc(73)] ReadMemory at 0x7ffe05136b30 of 512 bytes failed: Only part of a ReadProcessMemory or WriteProcessMemory request was completed. (0x12B)
[0319/102654.729:ERROR:process_memory_win.cc(73)] ReadMemory at 0x7ffe10db2c9a of 512 bytes failed: Only part of a ReadProcessMemory or WriteProcessMemory request was completed. (0x12B)
[0319/102654.729:ERROR:process_memory_win.cc(73)] ReadMemory at 0x7ffe16fd0fb0 of 512 bytes failed: Only part of a ReadProcessMemory or WriteProcessMemory request was completed. (0x12B)
[0319/102654.729:ERROR:process_memory_win.cc(73)] ReadMemory at 0x7ffe18fc5750 of 512 bytes failed: Only part of a ReadProcessMemory or WriteProcessMemory request was completed. (0x12B)
[0319/102654.729:ERROR:process_memory_win.cc(73)] ReadMemory at 0x7ffe18fc95d0 of 18 bytes failed: Only part of a ReadProcessMemory or WriteProcessMemory request was completed. (0x12B)
[0319/102654.730:ERROR:process_memory_win.cc(73)] ReadMemory at 0x7ffe18fdc4d0 of 512 bytes failed: Only part of a ReadProcessMemory or WriteProcessMemory request was completed. (0x12B)
[0319/102654.730:ERROR:process_memory_win.cc(73)] ReadMemory at 0x7ffe18ffac70 of 512 bytes failed: Only part of a ReadProcessMemory or WriteProcessMemory request was completed. (0x12B)
[0319/102654.759:ERROR:process_memory_win.cc(73)] ReadMemory at 0x7ffe18ffb590 of 512 bytes failed: Only part of a ReadProcessMemory or WriteProcessMemory request was completed. (0x12B)
[0319/102654.759:ERROR:process_memory_win.cc(73)] ReadMemory at 0x7ffe1905067a of 592 bytes failed: Only part of a ReadProcessMemory or WriteProcessMemory request was completed. (0x12B)
[0319/102654.759:ERROR:process_memory_win.cc(73)] ReadMemory at 0x7ffe1905097a of 512 bytes failed: Only part of a ReadProcessMemory or WriteProcessMemory request was completed. (0x12B)
[0319/102654.760:ERROR:process_memory_win.cc(73)] ReadMemory at 0x7ffe19050bea of 512 bytes failed: Only part of a ReadProcessMemory or WriteProcessMemory request was completed. (0x12B)
[0319/102654.797:ERROR:process_memory_win.cc(73)] ReadMemory at 0x7ffe190520fa of 560 bytes failed: Only part of a ReadProcessMemory or WriteProcessMemory request was completed. (0x12B)
[0319/102654.797:ERROR:process_memory_win.cc(73)] ReadMemory at 0x7ffe190ee8a8 of 40 bytes failed: Only part of a ReadProcessMemory or WriteProcessMemory request was completed. (0x12B)
[0319/102654.797:ERROR:process_memory_win.cc(73)] ReadMemory at 0x7ffe190eeb00 of 512 bytes failed: Only part of a ReadProcessMemory or WriteProcessMemory request was completed. (0x12B)
[0319/102654.797:ERROR:process_memory_win.cc(73)] ReadMemory at 0x7ffe190f1320 of 64 bytes failed: Only part of a ReadProcessMemory or WriteProcessMemory request was completed. (0x12B)
[0319/102654.848:ERROR:scoped_process_suspend.cc(40)] NtResumeProcess: An attempt was made to access an exiting process. (0xc000010a)
